#
# A fatal error has been detected by the Java Runtime Environment:
#
#  SIGBUS (0xa) at pc=0x000000010bbe8e92, pid=54439, tid=0x0000000000001003
#
# JRE version: Java(TM) SE Runtime Environment (8.0_101-b13) (build 1.8.0_101-b13)
# Java VM: Java HotSpot(TM) 64-Bit Server VM (25.101-b13 mixed mode bsd-amd64 compressed oops)
# Problematic frame:
# C  [libzip.dylib+0x2e92]  newEntry+0x154
#
# Failed to write core dump. Core dumps have been disabled. To enable core dumping, try "ulimit -c unlimited" before starting Java again
#
# If you would like to submit a bug report, please visit:
#   http://bugreport.java.com/bugreport/crash.jsp
# The crash happened outside the Java Virtual Machine in native code.
# See problematic frame for where to report the bug.
#

---------------  T H R E A D  ---------------

Current thread (0x00007f7f8c003000):  JavaThread "main" [_thread_in_native, id=4099, stack(0x0000700000084000,0x0000700000184000)]

siginfo: si_signo: 10 (SIGBUS), si_code: 2 (BUS_ADRERR), si_addr: 0x0000000124102fde

Registers:
RAX=0x00007f7f8ae43330, RBX=0x0000000124102fd2, RCX=0x0000000000000000, RDX=0x0000000000000000
RSP=0x0000700000182f50, RBP=0x0000700000182fb0, RSI=0x0000000000000048, RDI=0x000000010a9bba00
R8 =0x0000000000000001, R9 =0x0000000000000001, R10=0x000000010c57ed98, R11=0x00006ff8690b232e
R12=0x00007f7f8ae43470, R13=0x00000000000000f0, R14=0x000000004eecb6d3, R15=0x00007f7f8ad9b000
RIP=0x000000010bbe8e92, EFLAGS=0x0000000000010206, ERR=0x0000000000000004
  TRAPNO=0x000000000000000e

Top of Stack: (sp=0x0000700000182f50)
0x0000700000182f50:   000000012066ecc8 0000000080000000
0x0000700000182f60:   00000007c016f490 0000000120b194b0
0x0000700000182f70:   0000700000182f90 00007f7f8ae43330
0x0000700000182f80:   00007f7f8af83a20 00007f7f8ae43330
0x0000700000182f90:   00007f7f8ae43470 00000000000000f0
0x0000700000182fa0:   000000004eecb6d3 00007f7f8ad9b000
0x0000700000182fb0:   0000700000183010 000000010bbe952d
0x0000700000182fc0:   000070000018303f 000070000018303e
0x0000700000182fd0:   0000000f00000000 0000001000003000
0x0000700000182fe0:   000070000018302e 0000700000183478
0x0000700000182ff0:   0000000000000010 000070000018302e
0x0000700000183000:   00007f7f8ae43330 00007f7f8c0031f8
0x0000700000183010:   0000700000183460 000000010bbe8238
0x0000700000183020:   00000000ffffffff 6f64000000000000
0x0000700000183030:   612f73706f725063 00006c6d782e7070
0x0000700000183040:   00000001207d4360 00007f7f8c003000
0x0000700000183050:   00000001207d4360 00000000ffffffff
0x0000700000183060:   00007000001830a0 000000010add810f
0x0000700000183070:   00000001207d4360 00007f7f8c003000
0x0000700000183080:   00000001207d4360 00000000ffffffff
0x0000700000183090:   00000001207d4360 00000001207d4360
0x00007000001830a0:   00007000001830e0 000000010add8762
0x00007000001830b0:   00000001207d4360 00007f7f8c003000
0x00007000001830c0:   0000000000000000 00000001207d4360
0x00007000001830d0:   0000000000000001 00007000001831a8
0x00007000001830e0:   0000700000183170 000000010aff7e4c
0x00007000001830f0:   00000007c0095dc8 00000001207d4360
0x0000700000183100:   00007f7f8c003000 000000010aff6a99
0x0000700000183110:   0000700000000001 00007f7f8c003000
0x0000700000183120:   00000007970d0848 00000001207d4360
0x0000700000183130:   0000700000183150 00000001207d4360
0x0000700000183140:   00000001207d4360 00000001207d4360 

Instructions: (pc=0x000000010bbe8e92)
0x000000010bbe8e72:   49 8b 7f 38 e8 5b 1b 00 00 4d 89 77 38 49 89 5f
0x000000010bbe8e82:   40 4c 89 f0 48 85 c0 0f 84 11 05 00 00 48 89 c3
0x000000010bbe8e92:   0f b6 43 0c 0f b6 4b 0d 48 c1 e1 08 48 01 c1 0f
0x000000010bbe8ea2:   b6 43 0e 0f b6 53 0f 48 c1 e2 08 48 01 c2 48 c1 

Register to memory mapping:

RAX=0x00007f7f8ae43330 is an unknown value
RBX=0x0000000124102fd2 is an unknown value
RCX=0x0000000000000000 is an unknown value
RDX=0x0000000000000000 is an unknown value
RSP=0x0000700000182f50 is pointing into the stack for thread: 0x00007f7f8c003000
RBP=0x0000700000182fb0 is pointing into the stack for thread: 0x00007f7f8c003000
RSI=0x0000000000000048 is an unknown value
RDI=0x000000010a9bba00 is an unknown value
R8 =0x0000000000000001 is an unknown value
R9 =0x0000000000000001 is an unknown value
R10=0x000000010c57ed98 is at entry_point+88 in (nmethod*)0x000000010c57ebd0
R11=0x00006ff8690b232e is an unknown value
R12=0x00007f7f8ae43470 is an unknown value
R13=0x00000000000000f0 is an unknown value
R14=0x000000004eecb6d3 is an unknown value
R15=0x00007f7f8ad9b000 is an unknown value


Stack: [0x0000700000084000,0x0000700000184000],  sp=0x0000700000182f50,  free space=1019k
Native frames: (J=compiled Java code, j=interpreted, Vv=VM code, C=native code)
C  [libzip.dylib+0x2e92]  newEntry+0x154
C  [libzip.dylib+0x352d]  ZIP_GetEntry2+0xd4
C  [libzip.dylib+0x2238]  Java_java_util_zip_ZipFile_getEntry+0xcf
J 126  java.util.zip.ZipFile.getEntry(J[BZ)J (0 bytes) @ 0x000000010c57ee0e [0x000000010c57ed40+0xce]
J 481 C1 java.util.zip.ZipFile.getInputStream(Ljava/util/zip/ZipEntry;)Ljava/io/InputStream; (304 bytes) @ 0x000000010c68b1cc [0x000000010c68ae40+0x38c]
j  org.apache.poi.openxml4j.util.ZipSecureFile.getInputStream(Ljava/util/zip/ZipEntry;)Ljava/io/InputStream;+2
j  org.apache.poi.openxml4j.util.ZipFileZipEntrySource.getInputStream(Ljava/util/zip/ZipEntry;)Ljava/io/InputStream;+22
j  org.apache.poi.openxml4j.opc.ZipPackagePart.getInputStreamImpl()Ljava/io/InputStream;+14
j  org.apache.poi.openxml4j.opc.PackagePart.getInputStream()Ljava/io/InputStream;+1
j  org.apache.poi.POIXMLProperties.<init>(Lorg/apache/poi/openxml4j/opc/OPCPackage;)V+69
j  org.apache.poi.POIXMLDocument.getProperties()Lorg/apache/poi/POIXMLProperties;+16
j  org.apache.poi.POIXMLDocument.write(Ljava/io/OutputStream;)V+39
j  com.spider.amazon.mq.HawDataDealReceicer.main([Ljava/lang/String;)V+58
v  ~StubRoutines::call_stub
V  [libjvm.dylib+0x2ecf06]  JavaCalls::call_helper(JavaValue*, methodHandle*, JavaCallArguments*, Thread*)+0x6ae
V  [libjvm.dylib+0x323d7a]  jni_invoke_static(JNIEnv_*, JavaValue*, _jobject*, JNICallType, _jmethodID*, JNI_ArgumentPusher*, Thread*)+0x1bf
V  [libjvm.dylib+0x31caf1]  jni_CallStaticVoidMethod+0x15d
C  [java+0x3931]  JavaMain+0x9c4
C  [libsystem_pthread.dylib+0x399d]  _pthread_body+0x83
C  [libsystem_pthread.dylib+0x391a]  _pthread_body+0x0
C  [libsystem_pthread.dylib+0x1351]  thread_start+0xd
C  0x0000000000000000

Java frames: (J=compiled Java code, j=interpreted, Vv=VM code)
J 126  java.util.zip.ZipFile.getEntry(J[BZ)J (0 bytes) @ 0x000000010c57ed98 [0x000000010c57ed40+0x58]
J 481 C1 java.util.zip.ZipFile.getInputStream(Ljava/util/zip/ZipEntry;)Ljava/io/InputStream; (304 bytes) @ 0x000000010c68b1cc [0x000000010c68ae40+0x38c]
j  org.apache.poi.openxml4j.util.ZipSecureFile.getInputStream(Ljava/util/zip/ZipEntry;)Ljava/io/InputStream;+2
j  org.apache.poi.openxml4j.util.ZipFileZipEntrySource.getInputStream(Ljava/util/zip/ZipEntry;)Ljava/io/InputStream;+22
j  org.apache.poi.openxml4j.opc.ZipPackagePart.getInputStreamImpl()Ljava/io/InputStream;+14
j  org.apache.poi.openxml4j.opc.PackagePart.getInputStream()Ljava/io/InputStream;+1
j  org.apache.poi.POIXMLProperties.<init>(Lorg/apache/poi/openxml4j/opc/OPCPackage;)V+69
j  org.apache.poi.POIXMLDocument.getProperties()Lorg/apache/poi/POIXMLProperties;+16
j  org.apache.poi.POIXMLDocument.write(Ljava/io/OutputStream;)V+39
j  com.spider.amazon.mq.HawDataDealReceicer.main([Ljava/lang/String;)V+58
v  ~StubRoutines::call_stub

---------------  P R O C E S S  ---------------

Java Threads: ( => current thread )
  0x00007f7f8c812000 JavaThread "Service Thread" daemon [_thread_blocked, id=18691, stack(0x0000700000e44000,0x0000700000f44000)]
  0x00007f7f8c046000 JavaThread "C1 CompilerThread2" daemon [_thread_blocked, id=18179, stack(0x0000700000d41000,0x0000700000e41000)]
  0x00007f7f8c040000 JavaThread "C2 CompilerThread1" daemon [_thread_in_native, id=17667, stack(0x0000700000c3e000,0x0000700000d3e000)]
  0x00007f7f8c03f000 JavaThread "C2 CompilerThread0" daemon [_thread_in_native, id=17155, stack(0x0000700000b3b000,0x0000700000c3b000)]
  0x00007f7f8b81c800 JavaThread "Signal Dispatcher" daemon [_thread_blocked, id=14351, stack(0x0000700000a38000,0x0000700000b38000)]
  0x00007f7f8c034800 JavaThread "Finalizer" daemon [_thread_blocked, id=12291, stack(0x000070000082f000,0x000070000092f000)]
  0x00007f7f8b01d000 JavaThread "Reference Handler" daemon [_thread_blocked, id=11779, stack(0x000070000072c000,0x000070000082c000)]
=>0x00007f7f8c003000 JavaThread "main" [_thread_in_native, id=4099, stack(0x0000700000084000,0x0000700000184000)]

Other Threads:
  0x00007f7f8c804800 VMThread [stack: 0x0000700000629000,0x0000700000729000] [id=11267]
  0x00007f7f8c044800 WatcherThread [stack: 0x0000700000f47000,0x0000700001047000] [id=19203]

VM state:not at safepoint (normal execution)

VM Mutex/Monitor currently owned by a thread: None

Heap:
 PSYoungGen      total 71680K, used 33617K [0x0000000795580000, 0x000000079a080000, 0x00000007c0000000)
  eden space 66560K, 42% used [0x0000000795580000,0x000000079715bc10,0x0000000799680000)
  from space 5120K, 99% used [0x0000000799b80000,0x000000079a078980,0x000000079a080000)
  to   space 5120K, 0% used [0x0000000799680000,0x0000000799680000,0x0000000799b80000)
 ParOldGen       total 87552K, used 8806K [0x0000000740000000, 0x0000000745580000, 0x0000000795580000)
  object space 87552K, 10% used [0x0000000740000000,0x00000007408998d8,0x0000000745580000)
 Metaspace       used 12908K, capacity 13108K, committed 13312K, reserved 1060864K
  class space    used 1471K, capacity 1504K, committed 1536K, reserved 1048576K

Card table byte_map: [0x000000011b7f5000,0x000000011bbf6000] byte_map_base: 0x0000000117df5000

Marking Bits: (ParMarkBitMap*) 0x000000010b51ad20
 Begin Bits: [0x000000011bea1000, 0x000000011dea1000)
 End Bits:   [0x000000011dea1000, 0x000000011fea1000)

Polling page: 0x000000010bbdc000

CodeCache: size=245760Kb used=6062Kb max_used=6074Kb free=239697Kb
 bounds [0x000000010c435000, 0x000000010ca35000, 0x000000011b435000]
 total_blobs=2038 nmethods=1681 adapters=270
 compilation: enabled

Compilation events (10 events):
Event: 4.376 Thread 0x00007f7f8c046000 1794       2       java.util.LinkedHashMap$LinkedHashIterator::<init> (31 bytes)
Event: 4.376 Thread 0x00007f7f8c046000 nmethod 1794 0x000000010ca15bd0 code [0x000000010ca15d20, 0x000000010ca15ed0]
Event: 4.379 Thread 0x00007f7f8c03f000 nmethod 1754 0x000000010ca19350 code [0x000000010ca19500, 0x000000010ca19cc8]
Event: 4.379 Thread 0x00007f7f8c03f000 1785       4       org.apache.xmlbeans.impl.store.Saver$TextSaver::entitizeAttrValue (136 bytes)
Event: 4.382 Thread 0x00007f7f8c03f000 nmethod 1785 0x000000010ca17850 code [0x000000010ca179c0, 0x000000010ca17be8]
Event: 4.382 Thread 0x00007f7f8c03f000 1729       4       org.apache.xmlbeans.impl.store.Saver::pushMappings (200 bytes)
Event: 4.393 Thread 0x00007f7f8c046000 1796       2       java.util.regex.Pattern::compile (406 bytes)
Event: 4.395 Thread 0x00007f7f8c046000 nmethod 1796 0x000000010ca1c0d0 code [0x000000010ca1c340, 0x000000010ca1d128]
Event: 4.395 Thread 0x00007f7f8c046000 1795       2       java.util.regex.Pattern$TreeInfo::<init> (9 bytes)
Event: 4.395 Thread 0x00007f7f8c046000 nmethod 1795 0x000000010ca19010 code [0x000000010ca19160, 0x000000010ca192d0]

GC Heap History (8 events):
Event: 1.686 GC heap before
{Heap before GC invocations=1 (full 0):
 PSYoungGen      total 38400K, used 33280K [0x0000000795580000, 0x0000000798000000, 0x00000007c0000000)
  eden space 33280K, 100% used [0x0000000795580000,0x0000000797600000,0x0000000797600000)
  from space 5120K, 0% used [0x0000000797b00000,0x0000000797b00000,0x0000000798000000)
  to   space 5120K, 0% used [0x0000000797600000,0x0000000797600000,0x0000000797b00000)
 ParOldGen       total 87552K, used 0K [0x0000000740000000, 0x0000000745580000, 0x0000000795580000)
  object space 87552K, 0% used [0x0000000740000000,0x0000000740000000,0x0000000745580000)
 Metaspace       used 8274K, capacity 8428K, committed 8704K, reserved 1056768K
  class space    used 866K, capacity 916K, committed 1024K, reserved 1048576K
Event: 1.693 GC heap after
Heap after GC invocations=1 (full 0):
 PSYoungGen      total 38400K, used 3969K [0x0000000795580000, 0x0000000798000000, 0x00000007c0000000)
  eden space 33280K, 0% used [0x0000000795580000,0x0000000795580000,0x0000000797600000)
  from space 5120K, 77% used [0x0000000797600000,0x00000007979e06b8,0x0000000797b00000)
  to   space 5120K, 0% used [0x0000000797b00000,0x0000000797b00000,0x0000000798000000)
 ParOldGen       total 87552K, used 72K [0x0000000740000000, 0x0000000745580000, 0x0000000795580000)
  object space 87552K, 0% used [0x0000000740000000,0x0000000740012010,0x0000000745580000)
 Metaspace       used 8274K, capacity 8428K, committed 8704K, reserved 1056768K
  class space    used 866K, capacity 916K, committed 1024K, reserved 1048576K
}
Event: 2.586 GC heap before
{Heap before GC invocations=2 (full 0):
 PSYoungGen      total 38400K, used 37249K [0x0000000795580000, 0x0000000798000000, 0x00000007c0000000)
  eden space 33280K, 100% used [0x0000000795580000,0x0000000797600000,0x0000000797600000)
  from space 5120K, 77% used [0x0000000797600000,0x00000007979e06b8,0x0000000797b00000)
  to   space 5120K, 0% used [0x0000000797b00000,0x0000000797b00000,0x0000000798000000)
 ParOldGen       total 87552K, used 72K [0x0000000740000000, 0x0000000745580000, 0x0000000795580000)
  object space 87552K, 0% used [0x0000000740000000,0x0000000740012010,0x0000000745580000)
 Metaspace       used 10877K, capacity 11026K, committed 11264K, reserved 1058816K
  class space    used 1155K, capacity 1205K, committed 1280K, reserved 1048576K
Event: 2.595 GC heap after
Heap after GC invocations=2 (full 0):
 PSYoungGen      total 38400K, used 5119K [0x0000000795580000, 0x0000000798000000, 0x00000007c0000000)
  eden space 33280K, 0% used [0x0000000795580000,0x0000000795580000,0x0000000797600000)
  from space 5120K, 99% used [0x0000000797b00000,0x0000000797fffdf8,0x0000000798000000)
  to   space 5120K, 0% used [0x0000000797600000,0x0000000797600000,0x0000000797b00000)
 ParOldGen       total 87552K, used 866K [0x0000000740000000, 0x0000000745580000, 0x0000000795580000)
  object space 87552K, 0% used [0x0000000740000000,0x00000007400d8bc0,0x0000000745580000)
 Metaspace       used 10877K, capacity 11026K, committed 11264K, reserved 1058816K
  class space    used 1155K, capacity 1205K, committed 1280K, reserved 1048576K
}
Event: 2.802 GC heap before
{Heap before GC invocations=3 (full 0):
 PSYoungGen      total 38400K, used 38399K [0x0000000795580000, 0x0000000798000000, 0x00000007c0000000)
  eden space 33280K, 100% used [0x0000000795580000,0x0000000797600000,0x0000000797600000)
  from space 5120K, 99% used [0x0000000797b00000,0x0000000797fffdf8,0x0000000798000000)
  to   space 5120K, 0% used [0x0000000797600000,0x0000000797600000,0x0000000797b00000)
 ParOldGen       total 87552K, used 866K [0x0000000740000000, 0x0000000745580000, 0x0000000795580000)
  object space 87552K, 0% used [0x0000000740000000,0x00000007400d8bc0,0x0000000745580000)
 Metaspace       used 10923K, capacity 11090K, committed 11264K, reserved 1058816K
  class space    used 1155K, capacity 1205K, committed 1280K, reserved 1048576K
Event: 2.817 GC heap after
Heap after GC invocations=3 (full 0):
 PSYoungGen      total 38400K, used 5022K [0x0000000795580000, 0x000000079a080000, 0x00000007c0000000)
  eden space 33280K, 0% used [0x0000000795580000,0x0000000795580000,0x0000000797600000)
  from space 5120K, 98% used [0x0000000797600000,0x0000000797ae7b08,0x0000000797b00000)
  to   space 5120K, 0% used [0x0000000799b80000,0x0000000799b80000,0x000000079a080000)
 ParOldGen       total 87552K, used 874K [0x0000000740000000, 0x0000000745580000, 0x0000000795580000)
  object space 87552K, 0% used [0x0000000740000000,0x00000007400dabc0,0x0000000745580000)
 Metaspace       used 10923K, capacity 11090K, committed 11264K, reserved 1058816K
  class space    used 1155K, capacity 1205K, committed 1280K, reserved 1048576K
}
Event: 3.451 GC heap before
{Heap before GC invocations=4 (full 0):
 PSYoungGen      total 38400K, used 38302K [0x0000000795580000, 0x000000079a080000, 0x00000007c0000000)
  eden space 33280K, 100% used [0x0000000795580000,0x0000000797600000,0x0000000797600000)
  from space 5120K, 98% used [0x0000000797600000,0x0000000797ae7b08,0x0000000797b00000)
  to   space 5120K, 0% used [0x0000000799b80000,0x0000000799b80000,0x000000079a080000)
 ParOldGen       total 87552K, used 874K [0x0000000740000000, 0x0000000745580000, 0x0000000795580000)
  object space 87552K, 0% used [0x0000000740000000,0x00000007400dabc0,0x0000000745580000)
 Metaspace       used 12299K, capacity 12444K, committed 12800K, reserved 1060864K
  class space    used 1405K, capacity 1436K, committed 1536K, reserved 1048576K
Event: 3.481 GC heap after
Heap after GC invocations=4 (full 0):
 PSYoungGen      total 71680K, used 5090K [0x0000000795580000, 0x000000079a080000, 0x00000007c0000000)
  eden space 66560K, 0% used [0x0000000795580000,0x0000000795580000,0x0000000799680000)
  from space 5120K, 99% used [0x0000000799b80000,0x000000079a078980,0x000000079a080000)
  to   space 5120K, 0% used [0x0000000799680000,0x0000000799680000,0x0000000799b80000)
 ParOldGen       total 87552K, used 8806K [0x0000000740000000, 0x0000000745580000, 0x0000000795580000)
  object space 87552K, 10% used [0x0000000740000000,0x00000007408998d8,0x0000000745580000)
 Metaspace       used 12299K, capacity 12444K, committed 12800K, reserved 1060864K
  class space    used 1405K, capacity 1436K, committed 1536K, reserved 1048576K
}

Deoptimization events (10 events):
Event: 3.904 Thread 0x00007f7f8c003000 Uncommon trap: reason=class_check action=maybe_recompile pc=0x000000010c8d5334 method=org.apache.xmlbeans.impl.store.Saver.process()Z @ 62
Event: 3.904 Thread 0x00007f7f8c003000 Uncommon trap: reason=class_check action=maybe_recompile pc=0x000000010c8d5334 method=org.apache.xmlbeans.impl.store.Saver.process()Z @ 62
Event: 3.934 Thread 0x00007f7f8c003000 Uncommon trap: reason=class_check action=maybe_recompile pc=0x000000010c975b54 method=java.util.regex.Matcher.match(II)Z @ 86
Event: 3.934 Thread 0x00007f7f8c003000 Uncommon trap: reason=unstable_if action=reinterpret pc=0x000000010c975bc0 method=java.util.regex.Matcher.match(II)Z @ 30
Event: 3.945 Thread 0x00007f7f8c003000 Uncommon trap: reason=unstable_if action=reinterpret pc=0x000000010c9aa320 method=org.apache.xmlbeans.impl.store.Cur.next()Z @ 222
Event: 4.289 Thread 0x00007f7f8c003000 Uncommon trap: reason=class_check action=maybe_recompile pc=0x000000010c9e8c84 method=org.apache.xmlbeans.impl.store.CharUtil.getString(Ljava/lang/Object;II)Ljava/lang/String; @ 55
Event: 4.291 Thread 0x00007f7f8c003000 Uncommon trap: reason=class_check action=maybe_recompile pc=0x000000010c9e8c84 method=org.apache.xmlbeans.impl.store.CharUtil.getString(Ljava/lang/Object;II)Ljava/lang/String; @ 55
Event: 4.297 Thread 0x00007f7f8c003000 Uncommon trap: reason=unstable_if action=reinterpret pc=0x000000010c9ebaa0 method=org.apache.xmlbeans.impl.store.Saver$TextSaver.entitizeContent(Z)V @ 75
Event: 4.309 Thread 0x00007f7f8c003000 Uncommon trap: reason=unstable_if action=reinterpret pc=0x000000010c8263f4 method=org.apache.xmlbeans.impl.store.Saver$TextSaver.isBadChar(C)Z @ 3
Event: 4.313 Thread 0x00007f7f8c003000 Uncommon trap: reason=unstable_if action=reinterpret pc=0x000000010c9e7ee0 method=org.apache.xmlbeans.impl.store.Xobj.getFirstChars()Ljava/lang/Object; @ 8

Internal exceptions (10 events):
Event: 1.845 Thread 0x00007f7f8c003000 Exception <a 'java/security/PrivilegedActionException'> (0x00000007961c1658) thrown at [/HUDSON3/workspace/8-2-build-macosx-x86_64/jdk8u101/7261/hotspot/src/share/vm/prims/jvm.cpp, line 1386]
Event: 1.845 Thread 0x00007f7f8c003000 Exception <a 'java/security/PrivilegedActionException'> (0x00000007961d5e80) thrown at [/HUDSON3/workspace/8-2-build-macosx-x86_64/jdk8u101/7261/hotspot/src/share/vm/prims/jvm.cpp, line 1386]
Event: 1.845 Thread 0x00007f7f8c003000 Exception <a 'java/security/PrivilegedActionException'> (0x00000007961d6278) thrown at [/HUDSON3/workspace/8-2-build-macosx-x86_64/jdk8u101/7261/hotspot/src/share/vm/prims/jvm.cpp, line 1386]
Event: 1.846 Thread 0x00007f7f8c003000 Exception <a 'java/security/PrivilegedActionException'> (0x00000007961ecb40) thrown at [/HUDSON3/workspace/8-2-build-macosx-x86_64/jdk8u101/7261/hotspot/src/share/vm/prims/jvm.cpp, line 1386]
Event: 1.846 Thread 0x00007f7f8c003000 Exception <a 'java/security/PrivilegedActionException'> (0x00000007961ed120) thrown at [/HUDSON3/workspace/8-2-build-macosx-x86_64/jdk8u101/7261/hotspot/src/share/vm/prims/jvm.cpp, line 1386]
Event: 1.847 Thread 0x00007f7f8c003000 Exception <a 'java/security/PrivilegedActionException'> (0x0000000796202438) thrown at [/HUDSON3/workspace/8-2-build-macosx-x86_64/jdk8u101/7261/hotspot/src/share/vm/prims/jvm.cpp, line 1386]
Event: 1.847 Thread 0x00007f7f8c003000 Exception <a 'java/security/PrivilegedActionException'> (0x0000000796202830) thrown at [/HUDSON3/workspace/8-2-build-macosx-x86_64/jdk8u101/7261/hotspot/src/share/vm/prims/jvm.cpp, line 1386]
Event: 1.847 Thread 0x00007f7f8c003000 Exception <a 'java/security/PrivilegedActionException'> (0x0000000796219680) thrown at [/HUDSON3/workspace/8-2-build-macosx-x86_64/jdk8u101/7261/hotspot/src/share/vm/prims/jvm.cpp, line 1386]
Event: 1.847 Thread 0x00007f7f8c003000 Exception <a 'java/security/PrivilegedActionException'> (0x0000000796219c60) thrown at [/HUDSON3/workspace/8-2-build-macosx-x86_64/jdk8u101/7261/hotspot/src/share/vm/prims/jvm.cpp, line 1386]
Event: 2.848 Thread 0x00007f7f8c003000 Implicit null exception at 0x000000010c7c1b40 to 0x000000010c7c1dd9

Events (10 events):
Event: 4.380 loading class org/openxmlformats/schemas/officeDocument/x2006/customProperties/PropertiesDocument
Event: 4.380 loading class org/openxmlformats/schemas/officeDocument/x2006/customProperties/PropertiesDocument done
Event: 4.383 loading class org/openxmlformats/schemas/officeDocument/x2006/customProperties/impl/PropertiesDocumentImpl
Event: 4.383 loading class org/openxmlformats/schemas/officeDocument/x2006/customProperties/impl/PropertiesDocumentImpl done
Event: 4.391 loading class org/openxmlformats/schemas/officeDocument/x2006/customProperties/impl/CTPropertiesImpl
Event: 4.391 loading class org/openxmlformats/schemas/officeDocument/x2006/customProperties/impl/CTPropertiesImpl done
Event: 4.391 loading class org/openxmlformats/schemas/officeDocument/x2006/customProperties/CTProperties
Event: 4.391 loading class org/openxmlformats/schemas/officeDocument/x2006/customProperties/CTProperties done
Event: 4.392 loading class org/apache/poi/POIXMLProperties$CoreProperties
Event: 4.392 loading class org/apache/poi/POIXMLProperties$CoreProperties done


Dynamic libraries:
0x000000000ace0000 	/System/Library/Frameworks/Cocoa.framework/Versions/A/Cocoa
0x000000000ace0000 	/System/Library/Frameworks/Security.framework/Versions/A/Security
0x000000000ace0000 	/System/Library/Frameworks/ApplicationServices.framework/Versions/A/ApplicationServices
0x000000000ace0000 	/usr/lib/libz.1.dylib
0x000000000ace0000 	/usr/lib/libSystem.B.dylib
0x000000000ace0000 	/usr/lib/libobjc.A.dylib
0x000000000ace0000 	/System/Library/Frameworks/CoreFoundation.framework/Versions/A/CoreFoundation
0x000000000ace0000 	/System/Library/Frameworks/Foundation.framework/Versions/C/Foundation
0x000000000ace0000 	/System/Library/Frameworks/AppKit.framework/Versions/C/AppKit
0x000000000ace0000 	/System/Library/Frameworks/CoreData.framework/Versions/A/CoreData
0x000000000ace0000 	/System/Library/PrivateFrameworks/RemoteViewServices.framework/Versions/A/RemoteViewServices
0x000000000ace0000 	/System/Library/PrivateFrameworks/UIFoundation.framework/Versions/A/UIFoundation
0x000000000ace0000 	/usr/lib/libScreenReader.dylib
0x000000000ace0000 	/System/Library/Frameworks/Accelerate.framework/Versions/A/Accelerate
0x000000000ace0000 	/System/Library/Frameworks/IOSurface.framework/Versions/A/IOSurface
0x000000000ace0000 	/System/Library/Frameworks/AudioToolbox.framework/Versions/A/AudioToolbox
0x000000000ace0000 	/System/Library/Frameworks/AudioUnit.framework/Versions/A/AudioUnit
0x000000000ace0000 	/System/Library/PrivateFrameworks/DataDetectorsCore.framework/Versions/A/DataDetectorsCore
0x000000000ace0000 	/System/Library/PrivateFrameworks/DesktopServicesPriv.framework/Versions/A/DesktopServicesPriv
0x000000000ace0000 	/System/Library/Frameworks/Carbon.framework/Versions/A/Frameworks/HIToolbox.framework/Versions/A/HIToolbox
0x000000000ace0000 	/System/Library/Frameworks/QuartzCore.framework/Versions/A/QuartzCore
0x000000000ace0000 	/System/Library/Frameworks/Carbon.framework/Versions/A/Frameworks/SpeechRecognition.framework/Versions/A/SpeechRecognition
0x000000000ace0000 	/usr/lib/libauto.dylib
0x000000000ace0000 	/usr/lib/libicucore.A.dylib
0x000000000ace0000 	/usr/lib/libxml2.2.dylib
0x000000000ace0000 	/System/Library/PrivateFrameworks/CoreUI.framework/Versions/A/CoreUI
0x000000000ace0000 	/System/Library/Frameworks/CoreAudio.framework/Versions/A/CoreAudio
0x000000000ace0000 	/System/Library/Frameworks/DiskArbitration.framework/Versions/A/DiskArbitration
0x000000000ace0000 	/usr/lib/liblangid.dylib
0x000000000ace0000 	/System/Library/PrivateFrameworks/MultitouchSupport.framework/Versions/A/MultitouchSupport
0x000000000ace0000 	/System/Library/Frameworks/IOKit.framework/Versions/A/IOKit
0x000000000ace0000 	/usr/lib/libDiagnosticMessagesClient.dylib
0x000000000ace0000 	/System/Library/Frameworks/CoreServices.framework/Versions/A/CoreServices
0x000000000ace0000 	/System/Library/PrivateFrameworks/PerformanceAnalysis.framework/Versions/A/PerformanceAnalysis
0x000000000ace0000 	/System/Library/PrivateFrameworks/GenerationalStorage.framework/Versions/A/GenerationalStorage
0x000000000ace0000 	/System/Library/Frameworks/OpenGL.framework/Versions/A/OpenGL
0x000000000ace0000 	/System/Library/PrivateFrameworks/Sharing.framework/Versions/A/Sharing
0x000000000ace0000 	/System/Library/Frameworks/CoreGraphics.framework/Versions/A/CoreGraphics
0x000000000ace0000 	/System/Library/Frameworks/CoreImage.framework/Versions/A/CoreImage
0x000000000ace0000 	/System/Library/Frameworks/CoreText.framework/Versions/A/CoreText
0x000000000ace0000 	/System/Library/Frameworks/ImageIO.framework/Versions/A/ImageIO
0x000000000ace0000 	/System/Library/PrivateFrameworks/Backup.framework/Versions/A/Backup
0x000000000ace0000 	/usr/lib/libextension.dylib
0x000000000ace0000 	/usr/lib/libarchive.2.dylib
0x000000000ace0000 	/System/Library/Frameworks/CFNetwork.framework/Versions/A/CFNetwork
0x000000000ace0000 	/System/Library/Frameworks/SystemConfiguration.framework/Versions/A/SystemConfiguration
0x000000000ace0000 	/usr/lib/libCRFSuite.dylib
0x000000000ace0000 	/usr/lib/libc++.1.dylib
0x000000000ace0000 	/usr/lib/libc++abi.dylib
0x000000000ace0000 	/usr/lib/system/libcache.dylib
0x000000000ace0000 	/usr/lib/system/libcommonCrypto.dylib
0x000000000ace0000 	/usr/lib/system/libcompiler_rt.dylib
0x000000000ace0000 	/usr/lib/system/libcopyfile.dylib
0x000000000ace0000 	/usr/lib/system/libcorecrypto.dylib
0x000000000ace0000 	/usr/lib/system/libdispatch.dylib
0x000000000ace0000 	/usr/lib/system/libdyld.dylib
0x000000000ace0000 	/usr/lib/system/libkeymgr.dylib
0x000000000ace0000 	/usr/lib/system/liblaunch.dylib
0x000000000ace0000 	/usr/lib/system/libmacho.dylib
0x000000000ace0000 	/usr/lib/system/libquarantine.dylib
0x000000000ace0000 	/usr/lib/system/libremovefile.dylib
0x000000000ace0000 	/usr/lib/system/libsystem_asl.dylib
0x000000000ace0000 	/usr/lib/system/libsystem_blocks.dylib
0x000000000ace0000 	/usr/lib/system/libsystem_c.dylib
0x000000000ace0000 	/usr/lib/system/libsystem_configuration.dylib
0x000000000ace0000 	/usr/lib/system/libsystem_coreservices.dylib
0x000000000ace0000 	/usr/lib/system/libsystem_coretls.dylib
0x000000000ace0000 	/usr/lib/system/libsystem_dnssd.dylib
0x000000000ace0000 	/usr/lib/system/libsystem_info.dylib
0x000000000ace0000 	/usr/lib/system/libsystem_kernel.dylib
0x000000000ace0000 	/usr/lib/system/libsystem_m.dylib
0x000000000ace0000 	/usr/lib/system/libsystem_malloc.dylib
0x000000000ace0000 	/usr/lib/system/libsystem_network.dylib
0x000000000ace0000 	/usr/lib/system/libsystem_networkextension.dylib
0x000000000ace0000 	/usr/lib/system/libsystem_notify.dylib
0x000000000ace0000 	/usr/lib/system/libsystem_platform.dylib
0x000000000ace0000 	/usr/lib/system/libsystem_pthread.dylib
0x000000000ace0000 	/usr/lib/system/libsystem_sandbox.dylib
0x000000000ace0000 	/usr/lib/system/libsystem_secinit.dylib
0x000000000ace0000 	/usr/lib/system/libsystem_trace.dylib
0x000000000ace0000 	/usr/lib/system/libunc.dylib
0x000000000ace0000 	/usr/lib/system/libunwind.dylib
0x000000000ace0000 	/usr/lib/system/libxpc.dylib
0x000000000ace0000 	/usr/lib/libenergytrace.dylib
0x000000000ace0000 	/usr/lib/libbsm.0.dylib
0x000000000ace0000 	/usr/lib/system/libkxld.dylib
0x000000000ace0000 	/usr/lib/libxar.1.dylib
0x000000000ace0000 	/usr/lib/libsqlite3.dylib
0x000000000ace0000 	/usr/lib/libpam.2.dylib
0x000000000ace0000 	/usr/lib/libOpenScriptingUtil.dylib
0x000000000ace0000 	/usr/lib/libbz2.1.0.dylib
0x000000000ace0000 	/usr/lib/liblzma.5.dylib
0x000000000ace0000 	/System/Library/Frameworks/CoreServices.framework/Versions/A/Frameworks/FSEvents.framework/Versions/A/FSEvents
0x000000000ace0000 	/System/Library/Frameworks/CoreServices.framework/Versions/A/Frameworks/CarbonCore.framework/Versions/A/CarbonCore
0x000000000ace0000 	/System/Library/Frameworks/CoreServices.framework/Versions/A/Frameworks/Metadata.framework/Versions/A/Metadata
0x000000000ace0000 	/System/Library/Frameworks/CoreServices.framework/Versions/A/Frameworks/OSServices.framework/Versions/A/OSServices
0x000000000ace0000 	/System/Library/Frameworks/CoreServices.framework/Versions/A/Frameworks/SearchKit.framework/Versions/A/SearchKit
0x000000000ace0000 	/System/Library/Frameworks/CoreServices.framework/Versions/A/Frameworks/AE.framework/Versions/A/AE
0x000000000ace0000 	/System/Library/Frameworks/CoreServices.framework/Versions/A/Frameworks/LaunchServices.framework/Versions/A/LaunchServices
0x000000000ace0000 	/System/Library/Frameworks/CoreServices.framework/Versions/A/Frameworks/DictionaryServices.framework/Versions/A/DictionaryServices
0x000000000ace0000 	/System/Library/Frameworks/CoreServices.framework/Versions/A/Frameworks/SharedFileList.framework/Versions/A/SharedFileList
0x000000000ace0000 	/System/Library/Frameworks/NetFS.framework/Versions/A/NetFS
0x000000000ace0000 	/System/Library/PrivateFrameworks/NetAuth.framework/Versions/A/NetAuth
0x000000000ace0000 	/System/Library/PrivateFrameworks/login.framework/Versions/A/Frameworks/loginsupport.framework/Versions/A/loginsupport
0x000000000ace0000 	/System/Library/PrivateFrameworks/TCC.framework/Versions/A/TCC
0x000000000ace0000 	/usr/lib/libmecabra.dylib
0x000000000ace0000 	/System/Library/Frameworks/ApplicationServices.framework/Versions/A/Frameworks/ATS.framework/Versions/A/ATS
0x000000000ace0000 	/System/Library/Frameworks/ApplicationServices.framework/Versions/A/Frameworks/ColorSync.framework/Versions/A/ColorSync
0x000000000ace0000 	/System/Library/Frameworks/ApplicationServices.framework/Versions/A/Frameworks/HIServices.framework/Versions/A/HIServices
0x000000000ace0000 	/System/Library/Frameworks/ApplicationServices.framework/Versions/A/Frameworks/LangAnalysis.framework/Versions/A/LangAnalysis
0x000000000ace0000 	/System/Library/Frameworks/ApplicationServices.framework/Versions/A/Frameworks/PrintCore.framework/Versions/A/PrintCore
0x000000000ace0000 	/System/Library/Frameworks/ApplicationServices.framework/Versions/A/Frameworks/QD.framework/Versions/A/QD
0x000000000ace0000 	/System/Library/Frameworks/ApplicationServices.framework/Versions/A/Frameworks/SpeechSynthesis.framework/Versions/A/SpeechSynthesis
0x000000000ace0000 	/System/Library/Frameworks/Metal.framework/Versions/A/Metal
0x000000000ace0000 	/System/Library/Frameworks/Accelerate.framework/Versions/A/Frameworks/vImage.framework/Versions/A/vImage
0x000000000ace0000 	/System/Library/Frameworks/Accelerate.framework/Versions/A/Frameworks/vecLib.framework/Versions/A/vecLib
0x000000000ace0000 	/System/Library/Frameworks/Accelerate.framework/Versions/A/Frameworks/vecLib.framework/Versions/A/libvDSP.dylib
0x000000000ace0000 	/System/Library/Frameworks/Accelerate.framework/Versions/A/Frameworks/vecLib.framework/Versions/A/libvMisc.dylib
0x000000000ace0000 	/System/Library/Frameworks/Accelerate.framework/Versions/A/Frameworks/vecLib.framework/Versions/A/libLAPACK.dylib
0x000000000ace0000 	/System/Library/Frameworks/Accelerate.framework/Versions/A/Frameworks/vecLib.framework/Versions/A/libBLAS.dylib
0x000000000ace0000 	/System/Library/Frameworks/Accelerate.framework/Versions/A/Frameworks/vecLib.framework/Versions/A/libLinearAlgebra.dylib
0x000000000ace0000 	/System/Library/Frameworks/Accelerate.framework/Versions/A/Frameworks/vecLib.framework/Versions/A/libSparseBLAS.dylib
0x000000000ace0000 	/System/Library/PrivateFrameworks/GPUCompiler.framework/libmetal_timestamp.dylib
0x000000000ace0000 	/System/Library/Frameworks/OpenGL.framework/Versions/A/Libraries/libCoreFSCache.dylib
0x000000000ace0000 	/System/Library/PrivateFrameworks/IOAccelerator.framework/Versions/A/IOAccelerator
0x000000000ace0000 	/System/Library/Frameworks/ApplicationServices.framework/Versions/A/Frameworks/ATS.framework/Versions/A/Resources/libFontParser.dylib
0x000000000ace0000 	/System/Library/Frameworks/ApplicationServices.framework/Versions/A/Frameworks/ATS.framework/Versions/A/Resources/libFontRegistry.dylib
0x000000000ace0000 	/System/Library/PrivateFrameworks/AppleVPA.framework/Versions/A/AppleVPA
0x000000000ace0000 	/System/Library/PrivateFrameworks/AppleJPEG.framework/Versions/A/AppleJPEG
0x000000000ace0000 	/System/Library/Frameworks/ImageIO.framework/Versions/A/Resources/libJPEG.dylib
0x000000000ace0000 	/System/Library/Frameworks/ImageIO.framework/Versions/A/Resources/libTIFF.dylib
0x000000000ace0000 	/System/Library/Frameworks/ImageIO.framework/Versions/A/Resources/libPng.dylib
0x000000000ace0000 	/System/Library/Frameworks/ImageIO.framework/Versions/A/Resources/libGIF.dylib
0x000000000ace0000 	/System/Library/Frameworks/ImageIO.framework/Versions/A/Resources/libJP2.dylib
0x000000000ace0000 	/System/Library/Frameworks/ImageIO.framework/Versions/A/Resources/libRadiance.dylib
0x000000000ace0000 	/System/Library/Frameworks/CoreVideo.framework/Versions/A/CoreVideo
0x000000000ace0000 	/System/Library/Frameworks/OpenGL.framework/Versions/A/Libraries/libGLU.dylib
0x000000000ace0000 	/System/Library/Frameworks/OpenGL.framework/Versions/A/Libraries/libGFXShared.dylib
0x000000000ace0000 	/System/Library/Frameworks/OpenGL.framework/Versions/A/Libraries/libGL.dylib
0x000000000ace0000 	/System/Library/Frameworks/OpenGL.framework/Versions/A/Libraries/libGLImage.dylib
0x000000000ace0000 	/System/Library/Frameworks/OpenGL.framework/Versions/A/Libraries/libCVMSPluginSupport.dylib
0x000000000ace0000 	/System/Library/Frameworks/OpenGL.framework/Versions/A/Libraries/libCoreVMClient.dylib
0x000000000ace0000 	/usr/lib/libcompression.dylib
0x000000000ace0000 	/usr/lib/libcups.2.dylib
0x000000000ace0000 	/System/Library/Frameworks/Kerberos.framework/Versions/A/Kerberos
0x000000000ace0000 	/System/Library/Frameworks/GSS.framework/Versions/A/GSS
0x000000000ace0000 	/usr/lib/libresolv.9.dylib
0x000000000ace0000 	/usr/lib/libiconv.2.dylib
0x000000000ace0000 	/System/Library/PrivateFrameworks/Heimdal.framework/Versions/A/Heimdal
0x000000000ace0000 	/usr/lib/libheimdal-asn1.dylib
0x000000000ace0000 	/System/Library/Frameworks/OpenDirectory.framework/Versions/A/OpenDirectory
0x000000000ace0000 	/System/Library/PrivateFrameworks/CommonAuth.framework/Versions/A/CommonAuth
0x000000000ace0000 	/System/Library/Frameworks/OpenDirectory.framework/Versions/A/Frameworks/CFOpenDirectory.framework/Versions/A/CFOpenDirectory
0x000000000ace0000 	/System/Library/Frameworks/SecurityFoundation.framework/Versions/A/SecurityFoundation
0x000000000ace0000 	/System/Library/PrivateFrameworks/LanguageModeling.framework/Versions/A/LanguageModeling
0x000000000ace0000 	/usr/lib/libmarisa.dylib
0x000000000ace0000 	/usr/lib/libChineseTokenizer.dylib
0x000000000ace0000 	/usr/lib/libcmph.dylib
0x000000000ace0000 	/System/Library/Frameworks/ServiceManagement.framework/Versions/A/ServiceManagement
0x000000000ace0000 	/usr/lib/libxslt.1.dylib
0x000000000ace0000 	/System/Library/Frameworks/Carbon.framework/Versions/A/Frameworks/Ink.framework/Versions/A/Ink
0x000000000ace0000 	/usr/lib/libFosl_dynamic.dylib
0x000000000ace0000 	/System/Library/PrivateFrameworks/FaceCore.framework/Versions/A/FaceCore
0x000000000ace0000 	/System/Library/Frameworks/OpenCL.framework/Versions/A/OpenCL
0x000000000ace0000 	/System/Library/PrivateFrameworks/CrashReporterSupport.framework/Versions/A/CrashReporterSupport
0x000000000ace0000 	/System/Library/PrivateFrameworks/IconServices.framework/Versions/A/IconServices
0x000000000ace0000 	/System/Library/PrivateFrameworks/Apple80211.framework/Versions/A/Apple80211
0x000000000ace0000 	/System/Library/Frameworks/CoreWLAN.framework/Versions/A/CoreWLAN
0x000000000ace0000 	/System/Library/Frameworks/IOBluetooth.framework/Versions/A/IOBluetooth
0x000000000ace0000 	/System/Library/PrivateFrameworks/CoreWiFi.framework/Versions/A/CoreWiFi
0x000000000ace0000 	/System/Library/Frameworks/CoreBluetooth.framework/Versions/A/CoreBluetooth
0x000000000ace0000 	/System/Library/PrivateFrameworks/ChunkingLibrary.framework/Versions/A/ChunkingLibrary
0x000000000ace0000 	/System/Library/PrivateFrameworks/DebugSymbols.framework/Versions/A/DebugSymbols
0x000000000ace0000 	/System/Library/PrivateFrameworks/CoreSymbolication.framework/Versions/A/CoreSymbolication
0x000000000ace0000 	/System/Library/PrivateFrameworks/Symbolication.framework/Versions/A/Symbolication
0x000000000ace0000 	/System/Library/PrivateFrameworks/SpeechRecognitionCore.framework/Versions/A/SpeechRecognitionCore
0x000000010abe9000 	/System/Library/CoreServices/Encodings/libSimplifiedChineseConverter.dylib
0x000000010ac2d000 	/Library/Java/JavaVirtualMachines/jdk1.8.0_101.jdk/Contents/Home/jre/lib/server/libjvm.dylib
0x000000000ace0000 	/usr/lib/libstdc++.6.dylib
0x000000010bbce000 	/Library/Java/JavaVirtualMachines/jdk1.8.0_101.jdk/Contents/Home/jre/lib/libverify.dylib
0x000000010c400000 	/Library/Java/JavaVirtualMachines/jdk1.8.0_101.jdk/Contents/Home/jre/lib/libjava.dylib
0x000000010bbe6000 	/Library/Java/JavaVirtualMachines/jdk1.8.0_101.jdk/Contents/Home/jre/lib/libzip.dylib
0x0000000121d98000 	/System/Library/Frameworks/JavaVM.framework/Frameworks/JavaRuntimeSupport.framework/JavaRuntimeSupport
0x0000000121db3000 	/System/Library/Frameworks/JavaVM.framework/Versions/A/Frameworks/JavaNativeFoundation.framework/Versions/A/JavaNativeFoundation
0x000000010bbf0000 	/System/Library/Frameworks/JavaVM.framework/Versions/A/JavaVM
0x000000000ace0000 	/System/Library/Frameworks/Carbon.framework/Versions/A/Carbon
0x0000000121dc8000 	/System/Library/PrivateFrameworks/JavaLaunching.framework/Versions/A/JavaLaunching
0x000000000ace0000 	/System/Library/Frameworks/Carbon.framework/Versions/A/Frameworks/CommonPanels.framework/Versions/A/CommonPanels
0x000000000ace0000 	/System/Library/Frameworks/Carbon.framework/Versions/A/Frameworks/Help.framework/Versions/A/Help
0x000000000ace0000 	/System/Library/Frameworks/Carbon.framework/Versions/A/Frameworks/ImageCapture.framework/Versions/A/ImageCapture
0x000000000ace0000 	/System/Library/Frameworks/Carbon.framework/Versions/A/Frameworks/OpenScripting.framework/Versions/A/OpenScripting
0x000000000ace0000 	/System/Library/Frameworks/Carbon.framework/Versions/A/Frameworks/Print.framework/Versions/A/Print
0x000000000ace0000 	/System/Library/Frameworks/Carbon.framework/Versions/A/Frameworks/SecurityHI.framework/Versions/A/SecurityHI
0x00000001240db000 	/Library/Java/JavaVirtualMachines/jdk1.8.0_101.jdk/Contents/Home/jre/lib/libnet.dylib
0x00000001240f2000 	/Library/Java/JavaVirtualMachines/jdk1.8.0_101.jdk/Contents/Home/jre/lib/libnio.dylib

VM Arguments:
jvm_args: -Dfile.encoding=UTF-8 
java_command: com.spider.amazon.mq.HawDataDealReceicer
java_class_path (initial): /Library/Java/JavaVirtualMachines/jdk1.8.0_101.jdk/Contents/Home/jre/lib/charsets.jar:/Library/Java/JavaVirtualMachines/jdk1.8.0_101.jdk/Contents/Home/jre/lib/deploy.jar:/Library/Java/JavaVirtualMachines/jdk1.8.0_101.jdk/Contents/Home/jre/lib/ext/cldrdata.jar:/Library/Java/JavaVirtualMachines/jdk1.8.0_101.jdk/Contents/Home/jre/lib/ext/dnsns.jar:/Library/Java/JavaVirtualMachines/jdk1.8.0_101.jdk/Contents/Home/jre/lib/ext/jaccess.jar:/Library/Java/JavaVirtualMachines/jdk1.8.0_101.jdk/Contents/Home/jre/lib/ext/jfxrt.jar:/Library/Java/JavaVirtualMachines/jdk1.8.0_101.jdk/Contents/Home/jre/lib/ext/localedata.jar:/Library/Java/JavaVirtualMachines/jdk1.8.0_101.jdk/Contents/Home/jre/lib/ext/nashorn.jar:/Library/Java/JavaVirtualMachines/jdk1.8.0_101.jdk/Contents/Home/jre/lib/ext/sunec.jar:/Library/Java/JavaVirtualMachines/jdk1.8.0_101.jdk/Contents/Home/jre/lib/ext/sunjce_provider.jar:/Library/Java/JavaVirtualMachines/jdk1.8.0_101.jdk/Contents/Home/jre/lib/ext/sunpkcs11.jar:/Library/Java/JavaVirtualMachines/jdk1.8.0_101.jdk/Contents/Home/jre/lib/ext/zipfs.jar:/Library/Java/JavaVirtualMachines/jdk1.8.0_101.jdk/Contents/Home/jre/lib/javaws.jar:/Library/Java/JavaVirtualMachines/jdk1.8.0_101.jdk/Contents/Home/jre/lib/jce.jar:/Library/Java/JavaVirtualMachines/jdk1.8.0_101.jdk/Contents/Home/jre/lib/jfr.jar:/Library/Java/JavaVirtualMachines/jdk1.8.0_101.jdk/Contents/Home/jre/lib/jfxswt.jar:/Library/Java/JavaVirtualMachines/jdk1.8.0_101.jdk/Contents/Home/jre/lib/jsse.jar:/Library/Java/JavaVirtualMachines/jdk1.8.0_101.jdk/Contents/Home/jre/lib/management-agent.jar:/Library/Java/JavaVirtualMachines/jdk1.8.0_101.jdk/Contents/Home/jre/lib/plugin.jar:/Library/Java/JavaVirtualMachines/jdk1.8.0_101.jdk/Contents/Home/jre/lib/resources.jar:/Library/Java/JavaVirtualMachines/jdk1.8.0_101.jdk/Contents/Home/jre/lib/rt.jar:/Library/Java/JavaVirtualMachines/jdk1.8.0_101.jdk/Contents/Home/lib/ant-javafx.jar:/Library/Java/JavaVirtualMachines/jdk1.8.0_101.jdk/Contents/Home
Launcher Type: SUN_STANDARD

Environment Variables:
JAVA_HOME=/Library/Java/JavaVirtualMachines/jdk1.8.0_101.jdk/Contents/Home
CLASSPATH=.:/Library/Java/JavaVirtualMachines/jdk1.8.0_101.jdk/Contents/Home/lib/dt.jar:/Library/Java/JavaVirtualMachines/jdk1.8.0_101.jdk/Contents/Home/lib/tools.jar
PATH=/Library/Java/JavaVirtualMachines/jdk1.8.0_101.jdk/Contents/Home/bin:/opt/local/bin:/opt/local/sbin:/usr/local/bin:/usr/bin:/bin:/usr/sbin:/sbin:/Applications/Wireshark.app/Contents/MacOS:/usr/local/apache-tomcat-8.5.4/bin:/Users/zhucan/apache-maven-3.6.0/bin:/usr/local/Cellar/python/3.7.4_1/bin:
SHELL=/bin/bash

Signal Handlers:
SIGSEGV: [libjvm.dylib+0x5af145], sa_mask[0]=11111111011111110111111111111111, sa_flags=SA_ONSTACK|SA_RESTART|SA_SIGINFO
SIGBUS: [libjvm.dylib+0x5af145], sa_mask[0]=11111111011111110111111111111111, sa_flags=SA_RESTART|SA_SIGINFO
SIGFPE: [libjvm.dylib+0x48694c], sa_mask[0]=11111111011111110111111111111111, sa_flags=SA_RESTART|SA_SIGINFO
SIGPIPE: [libjvm.dylib+0x48694c], sa_mask[0]=11111111011111110111111111111111, sa_flags=SA_RESTART|SA_SIGINFO
SIGXFSZ: [libjvm.dylib+0x48694c], sa_mask[0]=11111111011111110111111111111111, sa_flags=SA_RESTART|SA_SIGINFO
SIGILL: [libjvm.dylib+0x48694c], sa_mask[0]=11111111011111110111111111111111, sa_flags=SA_RESTART|SA_SIGINFO
SIGUSR1: SIG_DFL, sa_mask[0]=00000000000000000000000000000000, sa_flags=none
SIGUSR2: [libjvm.dylib+0x48646a], sa_mask[0]=00100000000000000000000000000000, sa_flags=SA_RESTART|SA_SIGINFO
SIGHUP: [libjvm.dylib+0x484a41], sa_mask[0]=11111111011111110111111111111111, sa_flags=SA_RESTART|SA_SIGINFO
SIGINT: [libjvm.dylib+0x484a41], sa_mask[0]=11111111011111110111111111111111, sa_flags=SA_RESTART|SA_SIGINFO
SIGTERM: [libjvm.dylib+0x484a41], sa_mask[0]=11111111011111110111111111111111, sa_flags=SA_RESTART|SA_SIGINFO
SIGQUIT: [libjvm.dylib+0x484a41], sa_mask[0]=11111111011111110111111111111111, sa_flags=SA_RESTART|SA_SIGINFO


---------------  S Y S T E M  ---------------

OS:Bsduname:Darwin 15.6.0 Darwin Kernel Version 15.6.0: Tue Jan 30 11:45:51 PST 2018; root:xnu-3248.73.8~1/RELEASE_X86_64 x86_64
rlimit: STACK 8192k, CORE 0k, NPROC 709, NOFILE 10240, AS infinity
load average:3.14 2.58 2.28

CPU:total 4 (2 cores per cpu, 2 threads per core) family 6 model 61 stepping 4, cmov, cx8, fxsr, mmx, sse, sse2, sse3, ssse3, sse4.1, sse4.2, popcnt, avx, avx2, aes, clmul, erms, 3dnowpref, lzcnt, ht, tsc, tscinvbit, bmi1, bmi2, adx

Memory: 4k page, physical 8388608k(49872k free)

/proc/meminfo:


vm_info: Java HotSpot(TM) 64-Bit Server VM (25.101-b13) for bsd-amd64 JRE (1.8.0_101-b13), built on Jun 22 2016 02:42:15 by "java_re" with gcc 4.2.1 (Based on Apple Inc. build 5658) (LLVM build 2336.11.00)

time: Thu Dec 19 00:25:44 2019
elapsed time: 4 seconds (0d 0h 0m 4s)

