2020/03/12-02:14 [main] INFO  com.spider.SpiderServiceApplication- Starting SpiderServiceApplication on VM-BI-Server with PID 16488 (F:\spider\AmazonBiSpider\spider-service\target\classes started by keeley.z in F:\spider\AmazonBiSpider)
2020/03/12-02:14 [main] INFO  com.spider.SpiderServiceApplication- No active profile set, falling back to default profiles: default
2020/03/12-02:14 [background-preinit] DEBUG org.hibernate.validator.messageinterpolation.ResourceBundleMessageInterpolator- Loaded expression factory via original TCCL
2020/03/12-02:14 [background-preinit] DEBUG org.hibernate.validator.internal.engine.ValidatorFactoryImpl- HV000234: Using org.hibernate.validator.messageinterpolation.ResourceBundleMessageInterpolator as ValidatorFactory-scoped message interpolator.
2020/03/12-02:14 [background-preinit] DEBUG org.hibernate.validator.internal.engine.ValidatorFactoryImpl- HV000234: Using org.hibernate.validator.internal.engine.resolver.TraverseAllTraversableResolver as ValidatorFactory-scoped traversable resolver.
2020/03/12-02:14 [background-preinit] DEBUG org.hibernate.validator.internal.engine.ValidatorFactoryImpl- HV000234: Using org.hibernate.validator.internal.util.ExecutableParameterNameProvider as ValidatorFactory-scoped parameter name provider.
2020/03/12-02:14 [background-preinit] DEBUG org.hibernate.validator.internal.engine.ValidatorFactoryImpl- HV000234: Using org.hibernate.validator.internal.engine.DefaultClockProvider as ValidatorFactory-scoped clock provider.
2020/03/12-02:14 [background-preinit] DEBUG org.hibernate.validator.internal.engine.ValidatorFactoryImpl- HV000234: Using org.hibernate.validator.internal.engine.scripting.DefaultScriptEvaluatorFactory as ValidatorFactory-scoped script evaluator factory.
2020/03/12-02:14 [main] INFO  org.springframework.batch.core.launch.support.SimpleJobLauncher- No TaskExecutor has been set, defaulting to synchronous executor.
2020/03/12-02:14 [main] INFO  com.spider.amazon.batch.vcdailysales.CsvBatchConfigForAmzDailySales- filePath:C:\Users\keeley.z\Downloads\Sales Diagnostic_Detail View_US.csv
2020/03/12-02:14 [main] INFO  com.spider.amazon.batch.vcdailysales.CsvBatchConfigForAmzDailySales- paramMaps:true
2020/03/12-02:14 [main] DEBUG org.hibernate.validator.internal.engine.resolver.TraversableResolvers- Cannot find javax.persistence.Persistence on classpath. Assuming non JPA 2 environment. All properties will per default be traversable.
2020/03/12-02:14 [main] DEBUG org.hibernate.validator.internal.xml.ValidationXmlParser- Trying to load META-INF/validation.xml for XML based Validator configuration.
2020/03/12-02:14 [main] DEBUG org.hibernate.validator.internal.xml.ResourceLoaderHelper- Trying to load META-INF/validation.xml via TCCL
2020/03/12-02:14 [main] DEBUG org.hibernate.validator.internal.xml.ResourceLoaderHelper- Trying to load META-INF/validation.xml via Hibernate Validator's class loader
2020/03/12-02:14 [main] DEBUG org.hibernate.validator.internal.xml.ValidationXmlParser- No META-INF/validation.xml found. Using annotation based configuration only.
2020/03/12-02:14 [main] DEBUG org.hibernate.validator.messageinterpolation.ResourceBundleMessageInterpolator- Loaded expression factory via original TCCL
2020/03/12-02:14 [main] DEBUG org.hibernate.validator.internal.engine.ValidatorFactoryImpl- HV000234: Using org.hibernate.validator.messageinterpolation.ResourceBundleMessageInterpolator as ValidatorFactory-scoped message interpolator.
2020/03/12-02:14 [main] DEBUG org.hibernate.validator.internal.engine.ValidatorFactoryImpl- HV000234: Using org.hibernate.validator.internal.engine.resolver.TraverseAllTraversableResolver as ValidatorFactory-scoped traversable resolver.
2020/03/12-02:14 [main] DEBUG org.hibernate.validator.internal.engine.ValidatorFactoryImpl- HV000234: Using org.hibernate.validator.internal.util.ExecutableParameterNameProvider as ValidatorFactory-scoped parameter name provider.
2020/03/12-02:14 [main] DEBUG org.hibernate.validator.internal.engine.ValidatorFactoryImpl- HV000234: Using org.hibernate.validator.internal.engine.DefaultClockProvider as ValidatorFactory-scoped clock provider.
2020/03/12-02:14 [main] DEBUG org.hibernate.validator.internal.engine.ValidatorFactoryImpl- HV000234: Using org.hibernate.validator.internal.engine.scripting.DefaultScriptEvaluatorFactory as ValidatorFactory-scoped script evaluator factory.
2020/03/12-02:14 [main] INFO  org.springframework.batch.core.launch.support.SimpleJobLauncher- No TaskExecutor has been set, defaulting to synchronous executor.
2020/03/12-02:14 [main] DEBUG org.hibernate.validator.internal.engine.resolver.TraversableResolvers- Cannot find javax.persistence.Persistence on classpath. Assuming non JPA 2 environment. All properties will per default be traversable.
2020/03/12-02:14 [main] DEBUG org.hibernate.validator.internal.xml.ValidationXmlParser- Trying to load META-INF/validation.xml for XML based Validator configuration.
2020/03/12-02:14 [main] DEBUG org.hibernate.validator.internal.xml.ResourceLoaderHelper- Trying to load META-INF/validation.xml via TCCL
2020/03/12-02:14 [main] DEBUG org.hibernate.validator.internal.xml.ResourceLoaderHelper- Trying to load META-INF/validation.xml via Hibernate Validator's class loader
2020/03/12-02:14 [main] DEBUG org.hibernate.validator.internal.xml.ValidationXmlParser- No META-INF/validation.xml found. Using annotation based configuration only.
2020/03/12-02:14 [main] DEBUG org.hibernate.validator.messageinterpolation.ResourceBundleMessageInterpolator- Loaded expression factory via original TCCL
2020/03/12-02:14 [main] DEBUG org.hibernate.validator.internal.engine.ValidatorFactoryImpl- HV000234: Using org.hibernate.validator.messageinterpolation.ResourceBundleMessageInterpolator as ValidatorFactory-scoped message interpolator.
2020/03/12-02:14 [main] DEBUG org.hibernate.validator.internal.engine.ValidatorFactoryImpl- HV000234: Using org.hibernate.validator.internal.engine.resolver.TraverseAllTraversableResolver as ValidatorFactory-scoped traversable resolver.
2020/03/12-02:14 [main] DEBUG org.hibernate.validator.internal.engine.ValidatorFactoryImpl- HV000234: Using org.hibernate.validator.internal.util.ExecutableParameterNameProvider as ValidatorFactory-scoped parameter name provider.
2020/03/12-02:14 [main] DEBUG org.hibernate.validator.internal.engine.ValidatorFactoryImpl- HV000234: Using org.hibernate.validator.internal.engine.DefaultClockProvider as ValidatorFactory-scoped clock provider.
2020/03/12-02:14 [main] DEBUG org.hibernate.validator.internal.engine.ValidatorFactoryImpl- HV000234: Using org.hibernate.validator.internal.engine.scripting.DefaultScriptEvaluatorFactory as ValidatorFactory-scoped script evaluator factory.
2020/03/12-02:14 [main] INFO  org.springframework.batch.core.launch.support.SimpleJobLauncher- No TaskExecutor has been set, defaulting to synchronous executor.
2020/03/12-02:14 [main] DEBUG org.hibernate.validator.internal.engine.resolver.TraversableResolvers- Cannot find javax.persistence.Persistence on classpath. Assuming non JPA 2 environment. All properties will per default be traversable.
2020/03/12-02:14 [main] DEBUG org.hibernate.validator.internal.xml.ValidationXmlParser- Trying to load META-INF/validation.xml for XML based Validator configuration.
2020/03/12-02:14 [main] DEBUG org.hibernate.validator.internal.xml.ResourceLoaderHelper- Trying to load META-INF/validation.xml via TCCL
2020/03/12-02:14 [main] DEBUG org.hibernate.validator.internal.xml.ResourceLoaderHelper- Trying to load META-INF/validation.xml via Hibernate Validator's class loader
2020/03/12-02:14 [main] DEBUG org.hibernate.validator.internal.xml.ValidationXmlParser- No META-INF/validation.xml found. Using annotation based configuration only.
2020/03/12-02:14 [main] DEBUG org.hibernate.validator.messageinterpolation.ResourceBundleMessageInterpolator- Loaded expression factory via original TCCL
2020/03/12-02:14 [main] DEBUG org.hibernate.validator.internal.engine.ValidatorFactoryImpl- HV000234: Using org.hibernate.validator.messageinterpolation.ResourceBundleMessageInterpolator as ValidatorFactory-scoped message interpolator.
2020/03/12-02:14 [main] DEBUG org.hibernate.validator.internal.engine.ValidatorFactoryImpl- HV000234: Using org.hibernate.validator.internal.engine.resolver.TraverseAllTraversableResolver as ValidatorFactory-scoped traversable resolver.
2020/03/12-02:14 [main] DEBUG org.hibernate.validator.internal.engine.ValidatorFactoryImpl- HV000234: Using org.hibernate.validator.internal.util.ExecutableParameterNameProvider as ValidatorFactory-scoped parameter name provider.
2020/03/12-02:14 [main] DEBUG org.hibernate.validator.internal.engine.ValidatorFactoryImpl- HV000234: Using org.hibernate.validator.internal.engine.DefaultClockProvider as ValidatorFactory-scoped clock provider.
2020/03/12-02:14 [main] DEBUG org.hibernate.validator.internal.engine.ValidatorFactoryImpl- HV000234: Using org.hibernate.validator.internal.engine.scripting.DefaultScriptEvaluatorFactory as ValidatorFactory-scoped script evaluator factory.
2020/03/12-02:14 [main] WARN  org.springframework.boot.web.reactive.context.AnnotationConfigReactiveWebServerApplicationContext- Exception encountered during context initialization - cancelling refresh attempt: org.springframework.beans.factory.BeanCreationException: Error creating bean with name 'scheduleTask' defined in file [F:\spider\AmazonBiSpider\spider-service\target\classes\com\spider\amazon\task\ScheduleTask.class]: Initialization of bean failed; nested exception is java.lang.IllegalStateException: Encountered invalid @Scheduled method 'schedulerIntoSkuCommomInfoByCopy': Range exceeds maximum (24): '7-24' in expression "0 15 7-24 * * ? "
2020/03/12-02:14 [main] INFO  org.springframework.boot.autoconfigure.logging.ConditionEvaluationReportLoggingListener- 

Error starting ApplicationContext. To display the conditions report re-run your application with 'debug' enabled.
2020/03/12-02:14 [main] ERROR org.springframework.boot.SpringApplication- Application run failed
org.springframework.beans.factory.BeanCreationException: Error creating bean with name 'scheduleTask' defined in file [F:\spider\AmazonBiSpider\spider-service\target\classes\com\spider\amazon\task\ScheduleTask.class]: Initialization of bean failed; nested exception is java.lang.IllegalStateException: Encountered invalid @Scheduled method 'schedulerIntoSkuCommomInfoByCopy': Range exceeds maximum (24): '7-24' in expression "0 15 7-24 * * ? "
	at org.springframework.beans.factory.support.AbstractAutowireCapableBeanFactory.doCreateBean(AbstractAutowireCapableBeanFactory.java:603)
	at org.springframework.beans.factory.support.AbstractAutowireCapableBeanFactory.createBean(AbstractAutowireCapableBeanFactory.java:517)
	at org.springframework.beans.factory.support.AbstractBeanFactory.lambda$doGetBean$0(AbstractBeanFactory.java:323)
	at org.springframework.beans.factory.support.DefaultSingletonBeanRegistry.getSingleton(DefaultSingletonBeanRegistry.java:222)
	at org.springframework.beans.factory.support.AbstractBeanFactory.doGetBean(AbstractBeanFactory.java:321)
	at org.springframework.beans.factory.support.AbstractBeanFactory.getBean(AbstractBeanFactory.java:202)
	at org.springframework.beans.factory.support.DefaultListableBeanFactory.preInstantiateSingletons(DefaultListableBeanFactory.java:879)
	at org.springframework.context.support.AbstractApplicationContext.finishBeanFactoryInitialization(AbstractApplicationContext.java:878)
	at org.springframework.context.support.AbstractApplicationContext.refresh(AbstractApplicationContext.java:550)
	at org.springframework.boot.web.reactive.context.ReactiveWebServerApplicationContext.refresh(ReactiveWebServerApplicationContext.java:66)
	at org.springframework.boot.SpringApplication.refresh(SpringApplication.java:747)
	at org.springframework.boot.SpringApplication.refreshContext(SpringApplication.java:397)
	at org.springframework.boot.SpringApplication.run(SpringApplication.java:315)
	at org.springframework.boot.SpringApplication.run(SpringApplication.java:1226)
	at org.springframework.boot.SpringApplication.run(SpringApplication.java:1215)
	at com.spider.SpiderServiceApplication.main(SpiderServiceApplication.java:14)
Caused by: java.lang.IllegalStateException: Encountered invalid @Scheduled method 'schedulerIntoSkuCommomInfoByCopy': Range exceeds maximum (24): '7-24' in expression "0 15 7-24 * * ? "
	at org.springframework.scheduling.annotation.ScheduledAnnotationBeanPostProcessor.processScheduled(ScheduledAnnotationBeanPostProcessor.java:499)
	at org.springframework.scheduling.annotation.ScheduledAnnotationBeanPostProcessor.lambda$null$1(ScheduledAnnotationBeanPostProcessor.java:362)
	at java.lang.Iterable.forEach(Iterable.java:75)
	at org.springframework.scheduling.annotation.ScheduledAnnotationBeanPostProcessor.lambda$postProcessAfterInitialization$2(ScheduledAnnotationBeanPostProcessor.java:362)
	at java.util.LinkedHashMap.forEach(LinkedHashMap.java:676)
	at org.springframework.scheduling.annotation.ScheduledAnnotationBeanPostProcessor.postProcessAfterInitialization(ScheduledAnnotationBeanPostProcessor.java:361)
	at org.springframework.beans.factory.support.AbstractAutowireCapableBeanFactory.applyBeanPostProcessorsAfterInitialization(AbstractAutowireCapableBeanFactory.java:431)
	at org.springframework.beans.factory.support.AbstractAutowireCapableBeanFactory.initializeBean(AbstractAutowireCapableBeanFactory.java:1807)
	at org.springframework.beans.factory.support.AbstractAutowireCapableBeanFactory.doCreateBean(AbstractAutowireCapableBeanFactory.java:595)
	... 15 common frames omitted
2020/03/12-02:15 [main] INFO  com.spider.SpiderServiceApplication- Starting SpiderServiceApplication on VM-BI-Server with PID 14692 (F:\spider\AmazonBiSpider\spider-service\target\classes started by keeley.z in F:\spider\AmazonBiSpider)
2020/03/12-02:15 [main] INFO  com.spider.SpiderServiceApplication- No active profile set, falling back to default profiles: default
2020/03/12-02:15 [background-preinit] DEBUG org.hibernate.validator.messageinterpolation.ResourceBundleMessageInterpolator- Loaded expression factory via original TCCL
2020/03/12-02:15 [background-preinit] DEBUG org.hibernate.validator.internal.engine.ValidatorFactoryImpl- HV000234: Using org.hibernate.validator.messageinterpolation.ResourceBundleMessageInterpolator as ValidatorFactory-scoped message interpolator.
2020/03/12-02:15 [background-preinit] DEBUG org.hibernate.validator.internal.engine.ValidatorFactoryImpl- HV000234: Using org.hibernate.validator.internal.engine.resolver.TraverseAllTraversableResolver as ValidatorFactory-scoped traversable resolver.
2020/03/12-02:15 [background-preinit] DEBUG org.hibernate.validator.internal.engine.ValidatorFactoryImpl- HV000234: Using org.hibernate.validator.internal.util.ExecutableParameterNameProvider as ValidatorFactory-scoped parameter name provider.
2020/03/12-02:15 [background-preinit] DEBUG org.hibernate.validator.internal.engine.ValidatorFactoryImpl- HV000234: Using org.hibernate.validator.internal.engine.DefaultClockProvider as ValidatorFactory-scoped clock provider.
2020/03/12-02:15 [background-preinit] DEBUG org.hibernate.validator.internal.engine.ValidatorFactoryImpl- HV000234: Using org.hibernate.validator.internal.engine.scripting.DefaultScriptEvaluatorFactory as ValidatorFactory-scoped script evaluator factory.
2020/03/12-02:15 [main] INFO  org.springframework.batch.core.launch.support.SimpleJobLauncher- No TaskExecutor has been set, defaulting to synchronous executor.
2020/03/12-02:15 [main] INFO  com.spider.amazon.batch.vcdailysales.CsvBatchConfigForAmzDailySales- filePath:C:\Users\keeley.z\Downloads\Sales Diagnostic_Detail View_US.csv
2020/03/12-02:15 [main] INFO  com.spider.amazon.batch.vcdailysales.CsvBatchConfigForAmzDailySales- paramMaps:true
2020/03/12-02:15 [main] DEBUG org.hibernate.validator.internal.engine.resolver.TraversableResolvers- Cannot find javax.persistence.Persistence on classpath. Assuming non JPA 2 environment. All properties will per default be traversable.
2020/03/12-02:15 [main] DEBUG org.hibernate.validator.internal.xml.ValidationXmlParser- Trying to load META-INF/validation.xml for XML based Validator configuration.
2020/03/12-02:15 [main] DEBUG org.hibernate.validator.internal.xml.ResourceLoaderHelper- Trying to load META-INF/validation.xml via TCCL
2020/03/12-02:15 [main] DEBUG org.hibernate.validator.internal.xml.ResourceLoaderHelper- Trying to load META-INF/validation.xml via Hibernate Validator's class loader
2020/03/12-02:15 [main] DEBUG org.hibernate.validator.internal.xml.ValidationXmlParser- No META-INF/validation.xml found. Using annotation based configuration only.
2020/03/12-02:15 [main] DEBUG org.hibernate.validator.messageinterpolation.ResourceBundleMessageInterpolator- Loaded expression factory via original TCCL
2020/03/12-02:15 [main] DEBUG org.hibernate.validator.internal.engine.ValidatorFactoryImpl- HV000234: Using org.hibernate.validator.messageinterpolation.ResourceBundleMessageInterpolator as ValidatorFactory-scoped message interpolator.
2020/03/12-02:15 [main] DEBUG org.hibernate.validator.internal.engine.ValidatorFactoryImpl- HV000234: Using org.hibernate.validator.internal.engine.resolver.TraverseAllTraversableResolver as ValidatorFactory-scoped traversable resolver.
2020/03/12-02:15 [main] DEBUG org.hibernate.validator.internal.engine.ValidatorFactoryImpl- HV000234: Using org.hibernate.validator.internal.util.ExecutableParameterNameProvider as ValidatorFactory-scoped parameter name provider.
2020/03/12-02:15 [main] DEBUG org.hibernate.validator.internal.engine.ValidatorFactoryImpl- HV000234: Using org.hibernate.validator.internal.engine.DefaultClockProvider as ValidatorFactory-scoped clock provider.
2020/03/12-02:15 [main] DEBUG org.hibernate.validator.internal.engine.ValidatorFactoryImpl- HV000234: Using org.hibernate.validator.internal.engine.scripting.DefaultScriptEvaluatorFactory as ValidatorFactory-scoped script evaluator factory.
2020/03/12-02:15 [main] INFO  org.springframework.batch.core.launch.support.SimpleJobLauncher- No TaskExecutor has been set, defaulting to synchronous executor.
2020/03/12-02:15 [main] DEBUG org.hibernate.validator.internal.engine.resolver.TraversableResolvers- Cannot find javax.persistence.Persistence on classpath. Assuming non JPA 2 environment. All properties will per default be traversable.
2020/03/12-02:15 [main] DEBUG org.hibernate.validator.internal.xml.ValidationXmlParser- Trying to load META-INF/validation.xml for XML based Validator configuration.
2020/03/12-02:15 [main] DEBUG org.hibernate.validator.internal.xml.ResourceLoaderHelper- Trying to load META-INF/validation.xml via TCCL
2020/03/12-02:15 [main] DEBUG org.hibernate.validator.internal.xml.ResourceLoaderHelper- Trying to load META-INF/validation.xml via Hibernate Validator's class loader
2020/03/12-02:15 [main] DEBUG org.hibernate.validator.internal.xml.ValidationXmlParser- No META-INF/validation.xml found. Using annotation based configuration only.
2020/03/12-02:15 [main] DEBUG org.hibernate.validator.messageinterpolation.ResourceBundleMessageInterpolator- Loaded expression factory via original TCCL
2020/03/12-02:15 [main] DEBUG org.hibernate.validator.internal.engine.ValidatorFactoryImpl- HV000234: Using org.hibernate.validator.messageinterpolation.ResourceBundleMessageInterpolator as ValidatorFactory-scoped message interpolator.
2020/03/12-02:15 [main] DEBUG org.hibernate.validator.internal.engine.ValidatorFactoryImpl- HV000234: Using org.hibernate.validator.internal.engine.resolver.TraverseAllTraversableResolver as ValidatorFactory-scoped traversable resolver.
2020/03/12-02:15 [main] DEBUG org.hibernate.validator.internal.engine.ValidatorFactoryImpl- HV000234: Using org.hibernate.validator.internal.util.ExecutableParameterNameProvider as ValidatorFactory-scoped parameter name provider.
2020/03/12-02:15 [main] DEBUG org.hibernate.validator.internal.engine.ValidatorFactoryImpl- HV000234: Using org.hibernate.validator.internal.engine.DefaultClockProvider as ValidatorFactory-scoped clock provider.
2020/03/12-02:15 [main] DEBUG org.hibernate.validator.internal.engine.ValidatorFactoryImpl- HV000234: Using org.hibernate.validator.internal.engine.scripting.DefaultScriptEvaluatorFactory as ValidatorFactory-scoped script evaluator factory.
2020/03/12-02:15 [main] INFO  org.springframework.batch.core.launch.support.SimpleJobLauncher- No TaskExecutor has been set, defaulting to synchronous executor.
2020/03/12-02:15 [main] DEBUG org.hibernate.validator.internal.engine.resolver.TraversableResolvers- Cannot find javax.persistence.Persistence on classpath. Assuming non JPA 2 environment. All properties will per default be traversable.
2020/03/12-02:15 [main] DEBUG org.hibernate.validator.internal.xml.ValidationXmlParser- Trying to load META-INF/validation.xml for XML based Validator configuration.
2020/03/12-02:15 [main] DEBUG org.hibernate.validator.internal.xml.ResourceLoaderHelper- Trying to load META-INF/validation.xml via TCCL
2020/03/12-02:15 [main] DEBUG org.hibernate.validator.internal.xml.ResourceLoaderHelper- Trying to load META-INF/validation.xml via Hibernate Validator's class loader
2020/03/12-02:15 [main] DEBUG org.hibernate.validator.internal.xml.ValidationXmlParser- No META-INF/validation.xml found. Using annotation based configuration only.
2020/03/12-02:15 [main] DEBUG org.hibernate.validator.messageinterpolation.ResourceBundleMessageInterpolator- Loaded expression factory via original TCCL
2020/03/12-02:15 [main] DEBUG org.hibernate.validator.internal.engine.ValidatorFactoryImpl- HV000234: Using org.hibernate.validator.messageinterpolation.ResourceBundleMessageInterpolator as ValidatorFactory-scoped message interpolator.
2020/03/12-02:15 [main] DEBUG org.hibernate.validator.internal.engine.ValidatorFactoryImpl- HV000234: Using org.hibernate.validator.internal.engine.resolver.TraverseAllTraversableResolver as ValidatorFactory-scoped traversable resolver.
2020/03/12-02:15 [main] DEBUG org.hibernate.validator.internal.engine.ValidatorFactoryImpl- HV000234: Using org.hibernate.validator.internal.util.ExecutableParameterNameProvider as ValidatorFactory-scoped parameter name provider.
2020/03/12-02:15 [main] DEBUG org.hibernate.validator.internal.engine.ValidatorFactoryImpl- HV000234: Using org.hibernate.validator.internal.engine.DefaultClockProvider as ValidatorFactory-scoped clock provider.
2020/03/12-02:15 [main] DEBUG org.hibernate.validator.internal.engine.ValidatorFactoryImpl- HV000234: Using org.hibernate.validator.internal.engine.scripting.DefaultScriptEvaluatorFactory as ValidatorFactory-scoped script evaluator factory.
2020/03/12-02:15 [main] INFO  com.spider.amazon.config.DruidConfiguration- init Druid Servlet Configuration 
2020/03/12-02:15 [main] INFO  org.springframework.scheduling.concurrent.ThreadPoolTaskScheduler- Initializing ExecutorService 'taskScheduler'
2020/03/12-02:15 [main] INFO  org.springframework.scheduling.concurrent.ThreadPoolTaskExecutor- Initializing ExecutorService
2020/03/12-02:15 [main] INFO  org.springframework.scheduling.concurrent.ThreadPoolTaskExecutor- Initializing ExecutorService 'taskExecutor'
2020/03/12-02:15 [main] DEBUG org.hibernate.validator.internal.engine.resolver.TraversableResolvers- Cannot find javax.persistence.Persistence on classpath. Assuming non JPA 2 environment. All properties will per default be traversable.
2020/03/12-02:15 [main] DEBUG org.hibernate.validator.messageinterpolation.ResourceBundleMessageInterpolator- Loaded expression factory via original TCCL
2020/03/12-02:15 [main] DEBUG org.hibernate.validator.internal.engine.resolver.TraversableResolvers- Cannot find javax.persistence.Persistence on classpath. Assuming non JPA 2 environment. All properties will per default be traversable.
2020/03/12-02:15 [main] DEBUG org.hibernate.validator.internal.engine.ConfigurationImpl- Setting custom MessageInterpolator of type org.springframework.validation.beanvalidation.LocaleContextMessageInterpolator
2020/03/12-02:15 [main] DEBUG org.hibernate.validator.internal.engine.ConfigurationImpl- Setting custom ConstraintValidatorFactory of type org.springframework.validation.beanvalidation.SpringConstraintValidatorFactory
2020/03/12-02:15 [main] DEBUG org.hibernate.validator.internal.engine.ConfigurationImpl- Setting custom ParameterNameProvider of type org.springframework.validation.beanvalidation.LocalValidatorFactoryBean$1
2020/03/12-02:15 [main] DEBUG org.hibernate.validator.internal.xml.ValidationXmlParser- Trying to load META-INF/validation.xml for XML based Validator configuration.
2020/03/12-02:15 [main] DEBUG org.hibernate.validator.internal.xml.ResourceLoaderHelper- Trying to load META-INF/validation.xml via user class loader
2020/03/12-02:15 [main] DEBUG org.hibernate.validator.internal.xml.ResourceLoaderHelper- Trying to load META-INF/validation.xml via TCCL
2020/03/12-02:15 [main] DEBUG org.hibernate.validator.internal.xml.ResourceLoaderHelper- Trying to load META-INF/validation.xml via Hibernate Validator's class loader
2020/03/12-02:15 [main] DEBUG org.hibernate.validator.internal.xml.ValidationXmlParser- No META-INF/validation.xml found. Using annotation based configuration only.
2020/03/12-02:15 [main] DEBUG org.hibernate.validator.internal.engine.ValidatorFactoryImpl- HV000234: Using org.springframework.validation.beanvalidation.LocaleContextMessageInterpolator as ValidatorFactory-scoped message interpolator.
2020/03/12-02:15 [main] DEBUG org.hibernate.validator.internal.engine.ValidatorFactoryImpl- HV000234: Using org.hibernate.validator.internal.engine.resolver.TraverseAllTraversableResolver as ValidatorFactory-scoped traversable resolver.
2020/03/12-02:15 [main] DEBUG org.hibernate.validator.internal.engine.ValidatorFactoryImpl- HV000234: Using org.hibernate.validator.internal.util.ExecutableParameterNameProvider as ValidatorFactory-scoped parameter name provider.
2020/03/12-02:15 [main] DEBUG org.hibernate.validator.internal.engine.ValidatorFactoryImpl- HV000234: Using org.hibernate.validator.internal.engine.DefaultClockProvider as ValidatorFactory-scoped clock provider.
2020/03/12-02:15 [main] DEBUG org.hibernate.validator.internal.engine.ValidatorFactoryImpl- HV000234: Using org.hibernate.validator.internal.engine.scripting.DefaultScriptEvaluatorFactory as ValidatorFactory-scoped script evaluator factory.
2020/03/12-02:15 [main] DEBUG org.springframework.web.reactive.handler.SimpleUrlHandlerMapping- Patterns [/webjars/**, /**] in 'resourceHandlerMapping'
2020/03/12-02:15 [main] DEBUG org.springframework.web.reactive.result.method.annotation.ControllerMethodResolver- ControllerAdvice beans: none
2020/03/12-02:15 [main] DEBUG org.springframework.web.server.adapter.HttpWebHandlerAdapter- enableLoggingRequestDetails='false': form data and headers will be masked to prevent unsafe logging of potentially sensitive data
2020/03/12-02:15 [main] INFO  com.alibaba.druid.pool.DruidDataSource- {dataSource-1} inited
2020/03/12-02:15 [main] INFO  org.springframework.batch.core.repository.support.JobRepositoryFactoryBean- No database type set, using meta data indicating: SQLSERVER
2020/03/12-02:15 [main] INFO  org.springframework.batch.core.launch.support.SimpleJobLauncher- No TaskExecutor has been set, defaulting to synchronous executor.
2020/03/12-02:15 [main] INFO  org.springframework.amqp.rabbit.connection.CachingConnectionFactory- Attempting to connect to: [127.0.0.1:5672]
2020/03/12-02:15 [main] INFO  org.springframework.amqp.rabbit.connection.CachingConnectionFactory- Created new connection: rabbitConnectionFactory#6622a690:0/SimpleConnection@2b0e9f30 [delegate=amqp://guest@127.0.0.1:5672/, localPort= 55824]
2020/03/12-02:15 [main] INFO  org.springframework.boot.web.embedded.netty.NettyWebServer- Netty started on port(s): 8082
2020/03/12-02:15 [main] INFO  com.spider.SpiderServiceApplication- Started SpiderServiceApplication in 5.036 seconds (JVM running for 6.451)
2020/03/12-02:16 [spring-task-scheduler-thread-2] INFO  com.spider.amazon.task.ScheduleTask- test task02 run...
2020/03/12-02:16 [spring-task-scheduler-thread-2] INFO  com.spider.amazon.task.ScheduleTask- test task02 run...
2020/03/12-02:17 [spring-task-scheduler-thread-2] INFO  com.spider.amazon.task.ScheduleTask- test task02 run...
2020/03/12-02:17 [spring-task-scheduler-thread-2] INFO  com.spider.amazon.task.ScheduleTask- test task02 run...
2020/03/12-02:18 [spring-task-scheduler-thread-2] INFO  com.spider.amazon.task.ScheduleTask- test task02 run...
2020/03/12-02:18 [spring-task-scheduler-thread-2] INFO  com.spider.amazon.task.ScheduleTask- test task02 run...
2020/03/12-02:19 [spring-task-scheduler-thread-2] INFO  com.spider.amazon.task.ScheduleTask- test task02 run...
2020/03/12-02:19 [spring-task-scheduler-thread-2] INFO  com.spider.amazon.task.ScheduleTask- test task02 run...
2020/03/12-02:20 [spring-task-scheduler-thread-2] INFO  com.spider.amazon.task.ScheduleTask- test task02 run...
2020/03/12-02:20 [spring-task-scheduler-thread-2] INFO  com.spider.amazon.task.ScheduleTask- test task02 run...
2020/03/12-02:21 [spring-task-scheduler-thread-2] INFO  com.spider.amazon.task.ScheduleTask- test task02 run...
2020/03/12-02:21 [spring-task-scheduler-thread-2] INFO  com.spider.amazon.task.ScheduleTask- test task02 run...
2020/03/12-02:22 [spring-task-scheduler-thread-2] INFO  com.spider.amazon.task.ScheduleTask- test task02 run...
2020/03/12-02:22 [spring-task-scheduler-thread-2] INFO  com.spider.amazon.task.ScheduleTask- test task02 run...
2020/03/12-02:23 [spring-task-scheduler-thread-2] INFO  com.spider.amazon.task.ScheduleTask- test task02 run...
2020/03/12-02:23 [spring-task-scheduler-thread-2] INFO  com.spider.amazon.task.ScheduleTask- test task02 run...
2020/03/12-02:24 [spring-task-scheduler-thread-2] INFO  com.spider.amazon.task.ScheduleTask- test task02 run...
2020/03/12-02:24 [spring-task-scheduler-thread-2] INFO  com.spider.amazon.task.ScheduleTask- test task02 run...
2020/03/12-02:25 [spring-task-scheduler-thread-2] INFO  com.spider.amazon.task.ScheduleTask- test task02 run...
2020/03/12-02:25 [spring-task-scheduler-thread-2] INFO  com.spider.amazon.task.ScheduleTask- test task02 run...
2020/03/12-02:26 [spring-task-scheduler-thread-5] INFO  com.spider.amazon.task.ScheduleTask- test task02 run...
2020/03/12-02:26 [spring-task-scheduler-thread-5] INFO  com.spider.amazon.task.ScheduleTask- test task02 run...
2020/03/12-02:27 [spring-task-scheduler-thread-5] INFO  com.spider.amazon.task.ScheduleTask- test task02 run...
2020/03/12-02:27 [spring-task-scheduler-thread-5] INFO  com.spider.amazon.task.ScheduleTask- test task02 run...
2020/03/12-02:28 [spring-task-scheduler-thread-5] INFO  com.spider.amazon.task.ScheduleTask- test task02 run...
2020/03/12-02:28 [spring-task-scheduler-thread-5] INFO  com.spider.amazon.task.ScheduleTask- test task02 run...
2020/03/12-02:29 [spring-task-scheduler-thread-5] INFO  com.spider.amazon.task.ScheduleTask- test task02 run...
2020/03/12-02:29 [spring-task-scheduler-thread-5] INFO  com.spider.amazon.task.ScheduleTask- test task02 run...
2020/03/12-02:29 [spring-task-scheduler-thread-2] INFO  com.spider.amazon.task.HawProductScrapyTask- [执行Haw抓取任务]
2020/03/12-02:30 [spring-task-scheduler-thread-1] INFO  com.spider.amazon.task.ScheduleTask- test task02 run...
2020/03/12-02:30 [spring-task-scheduler-thread-2] DEBUG com.spider.amazon.mapper.SkuScrapyTaskDOMapper.selectTaskListByTaskSts- ==>  Preparing: select * from SkuScrapyTask with(nolock) where task_sts = ? 
2020/03/12-02:30 [spring-task-scheduler-thread-2] DEBUG com.spider.amazon.mapper.SkuScrapyTaskDOMapper.selectTaskListByTaskSts- ==> Parameters: W(String)
2020/03/12-02:30 [spring-task-scheduler-thread-2] DEBUG com.spider.amazon.mapper.SkuScrapyTaskDOMapper.selectTaskListByTaskSts- <==      Total: 0
2020/03/12-02:30 [spring-task-scheduler-thread-1] INFO  com.spider.amazon.task.ScheduleTask- test task02 run...
2020/03/12-02:31 [spring-task-scheduler-thread-1] INFO  com.spider.amazon.task.ScheduleTask- test task02 run...
2020/03/12-02:31 [spring-task-scheduler-thread-1] INFO  com.spider.amazon.task.ScheduleTask- test task02 run...
2020/03/12-02:32 [spring-task-scheduler-thread-1] INFO  com.spider.amazon.task.ScheduleTask- test task02 run...
2020/03/12-02:32 [spring-task-scheduler-thread-1] INFO  com.spider.amazon.task.ScheduleTask- test task02 run...
2020/03/12-02:33 [spring-task-scheduler-thread-1] INFO  com.spider.amazon.task.ScheduleTask- test task02 run...
2020/03/12-02:33 [spring-task-scheduler-thread-1] INFO  com.spider.amazon.task.ScheduleTask- test task02 run...
2020/03/12-02:34 [spring-task-scheduler-thread-1] INFO  com.spider.amazon.task.ScheduleTask- test task02 run...
2020/03/12-02:34 [spring-task-scheduler-thread-4] INFO  com.spider.amazon.task.ScheduleTask- test task02 run...
2020/03/12-02:34 [spring-task-scheduler-thread-10] INFO  com.spider.amazon.task.HawProductScrapyTask- [执行Haw数据处理任务]=>[scheduleHawDataDeal]
2020/03/12-02:34 [spring-task-scheduler-thread-10] DEBUG com.spider.amazon.mapper.SkuScrapyTaskDOMapper.selectTaskListByTaskSts- ==>  Preparing: select * from SkuScrapyTask with(nolock) where task_sts = ? 
2020/03/12-02:34 [spring-task-scheduler-thread-10] DEBUG com.spider.amazon.mapper.SkuScrapyTaskDOMapper.selectTaskListByTaskSts- ==> Parameters: SS(String)
2020/03/12-02:34 [spring-task-scheduler-thread-10] DEBUG com.spider.amazon.mapper.SkuScrapyTaskDOMapper.selectTaskListByTaskSts- <==      Total: 0
2020/03/12-02:35 [spring-task-scheduler-thread-6] INFO  com.spider.amazon.task.ScheduleTask- test task02 run...
2020/03/12-02:35 [spring-task-scheduler-thread-6] INFO  com.spider.amazon.task.ScheduleTask- test task02 run...
2020/03/12-02:36 [spring-task-scheduler-thread-6] INFO  com.spider.amazon.task.ScheduleTask- test task02 run...
2020/03/12-02:36 [spring-task-scheduler-thread-7] INFO  com.spider.amazon.task.ScheduleTask- test task02 run...
2020/03/12-02:37 [spring-task-scheduler-thread-7] INFO  com.spider.amazon.task.ScheduleTask- test task02 run...
2020/03/12-02:37 [spring-task-scheduler-thread-7] INFO  com.spider.amazon.task.ScheduleTask- test task02 run...
2020/03/12-02:38 [spring-task-scheduler-thread-7] INFO  com.spider.amazon.task.ScheduleTask- test task02 run...
2020/03/12-02:38 [spring-task-scheduler-thread-7] INFO  com.spider.amazon.task.ScheduleTask- test task02 run...
2020/03/12-02:39 [spring-task-scheduler-thread-7] INFO  com.spider.amazon.task.ScheduleTask- test task02 run...
2020/03/12-02:39 [background-preinit] DEBUG org.hibernate.validator.internal.xml.ValidationXmlParser- Trying to load META-INF/validation.xml for XML based Validator configuration.
2020/03/12-02:39 [background-preinit] DEBUG org.hibernate.validator.internal.xml.ResourceLoaderHelper- Trying to load META-INF/validation.xml via TCCL
2020/03/12-02:39 [background-preinit] DEBUG org.hibernate.validator.internal.xml.ResourceLoaderHelper- Trying to load META-INF/validation.xml via Hibernate Validator's class loader
2020/03/12-02:39 [background-preinit] DEBUG org.hibernate.validator.internal.xml.ValidationXmlParser- No META-INF/validation.xml found. Using annotation based configuration only.
2020/03/12-02:39 [main] INFO  com.spider.SpiderServiceApplication- Starting SpiderServiceApplication on VM-BI-Server with PID 16788 (F:\spider\AmazonBiSpider\spider-service\target\classes started by keeley.z in F:\spider\AmazonBiSpider)
2020/03/12-02:39 [main] INFO  com.spider.SpiderServiceApplication- No active profile set, falling back to default profiles: default
2020/03/12-02:39 [background-preinit] DEBUG org.hibernate.validator.messageinterpolation.ResourceBundleMessageInterpolator- Loaded expression factory via original TCCL
2020/03/12-02:39 [background-preinit] DEBUG org.hibernate.validator.internal.engine.ValidatorFactoryImpl- HV000234: Using org.hibernate.validator.messageinterpolation.ResourceBundleMessageInterpolator as ValidatorFactory-scoped message interpolator.
2020/03/12-02:39 [background-preinit] DEBUG org.hibernate.validator.internal.engine.ValidatorFactoryImpl- HV000234: Using org.hibernate.validator.internal.engine.resolver.TraverseAllTraversableResolver as ValidatorFactory-scoped traversable resolver.
2020/03/12-02:39 [background-preinit] DEBUG org.hibernate.validator.internal.engine.ValidatorFactoryImpl- HV000234: Using org.hibernate.validator.internal.util.ExecutableParameterNameProvider as ValidatorFactory-scoped parameter name provider.
2020/03/12-02:39 [background-preinit] DEBUG org.hibernate.validator.internal.engine.ValidatorFactoryImpl- HV000234: Using org.hibernate.validator.internal.engine.DefaultClockProvider as ValidatorFactory-scoped clock provider.
2020/03/12-02:39 [background-preinit] DEBUG org.hibernate.validator.internal.engine.ValidatorFactoryImpl- HV000234: Using org.hibernate.validator.internal.engine.scripting.DefaultScriptEvaluatorFactory as ValidatorFactory-scoped script evaluator factory.
2020/03/12-02:39 [main] INFO  org.springframework.batch.core.launch.support.SimpleJobLauncher- No TaskExecutor has been set, defaulting to synchronous executor.
2020/03/12-02:39 [main] INFO  com.spider.amazon.batch.vcdailysales.CsvBatchConfigForAmzDailySales- filePath:C:\Users\keeley.z\Downloads\Sales Diagnostic_Detail View_US.csv
2020/03/12-02:39 [main] INFO  com.spider.amazon.batch.vcdailysales.CsvBatchConfigForAmzDailySales- paramMaps:true
2020/03/12-02:39 [main] DEBUG org.hibernate.validator.internal.engine.resolver.TraversableResolvers- Cannot find javax.persistence.Persistence on classpath. Assuming non JPA 2 environment. All properties will per default be traversable.
2020/03/12-02:39 [main] DEBUG org.hibernate.validator.internal.xml.ValidationXmlParser- Trying to load META-INF/validation.xml for XML based Validator configuration.
2020/03/12-02:39 [main] DEBUG org.hibernate.validator.internal.xml.ResourceLoaderHelper- Trying to load META-INF/validation.xml via TCCL
2020/03/12-02:39 [main] DEBUG org.hibernate.validator.internal.xml.ResourceLoaderHelper- Trying to load META-INF/validation.xml via Hibernate Validator's class loader
2020/03/12-02:39 [main] DEBUG org.hibernate.validator.internal.xml.ValidationXmlParser- No META-INF/validation.xml found. Using annotation based configuration only.
2020/03/12-02:39 [main] DEBUG org.hibernate.validator.messageinterpolation.ResourceBundleMessageInterpolator- Loaded expression factory via original TCCL
2020/03/12-02:39 [main] DEBUG org.hibernate.validator.internal.engine.ValidatorFactoryImpl- HV000234: Using org.hibernate.validator.messageinterpolation.ResourceBundleMessageInterpolator as ValidatorFactory-scoped message interpolator.
2020/03/12-02:39 [main] DEBUG org.hibernate.validator.internal.engine.ValidatorFactoryImpl- HV000234: Using org.hibernate.validator.internal.engine.resolver.TraverseAllTraversableResolver as ValidatorFactory-scoped traversable resolver.
2020/03/12-02:39 [main] DEBUG org.hibernate.validator.internal.engine.ValidatorFactoryImpl- HV000234: Using org.hibernate.validator.internal.util.ExecutableParameterNameProvider as ValidatorFactory-scoped parameter name provider.
2020/03/12-02:39 [main] DEBUG org.hibernate.validator.internal.engine.ValidatorFactoryImpl- HV000234: Using org.hibernate.validator.internal.engine.DefaultClockProvider as ValidatorFactory-scoped clock provider.
2020/03/12-02:39 [main] DEBUG org.hibernate.validator.internal.engine.ValidatorFactoryImpl- HV000234: Using org.hibernate.validator.internal.engine.scripting.DefaultScriptEvaluatorFactory as ValidatorFactory-scoped script evaluator factory.
2020/03/12-02:39 [main] INFO  org.springframework.batch.core.launch.support.SimpleJobLauncher- No TaskExecutor has been set, defaulting to synchronous executor.
2020/03/12-02:39 [main] DEBUG org.hibernate.validator.internal.engine.resolver.TraversableResolvers- Cannot find javax.persistence.Persistence on classpath. Assuming non JPA 2 environment. All properties will per default be traversable.
2020/03/12-02:39 [main] DEBUG org.hibernate.validator.internal.xml.ValidationXmlParser- Trying to load META-INF/validation.xml for XML based Validator configuration.
2020/03/12-02:39 [main] DEBUG org.hibernate.validator.internal.xml.ResourceLoaderHelper- Trying to load META-INF/validation.xml via TCCL
2020/03/12-02:39 [main] DEBUG org.hibernate.validator.internal.xml.ResourceLoaderHelper- Trying to load META-INF/validation.xml via Hibernate Validator's class loader
2020/03/12-02:39 [main] DEBUG org.hibernate.validator.internal.xml.ValidationXmlParser- No META-INF/validation.xml found. Using annotation based configuration only.
2020/03/12-02:39 [main] DEBUG org.hibernate.validator.messageinterpolation.ResourceBundleMessageInterpolator- Loaded expression factory via original TCCL
2020/03/12-02:39 [main] DEBUG org.hibernate.validator.internal.engine.ValidatorFactoryImpl- HV000234: Using org.hibernate.validator.messageinterpolation.ResourceBundleMessageInterpolator as ValidatorFactory-scoped message interpolator.
2020/03/12-02:39 [main] DEBUG org.hibernate.validator.internal.engine.ValidatorFactoryImpl- HV000234: Using org.hibernate.validator.internal.engine.resolver.TraverseAllTraversableResolver as ValidatorFactory-scoped traversable resolver.
2020/03/12-02:39 [main] DEBUG org.hibernate.validator.internal.engine.ValidatorFactoryImpl- HV000234: Using org.hibernate.validator.internal.util.ExecutableParameterNameProvider as ValidatorFactory-scoped parameter name provider.
2020/03/12-02:39 [main] DEBUG org.hibernate.validator.internal.engine.ValidatorFactoryImpl- HV000234: Using org.hibernate.validator.internal.engine.DefaultClockProvider as ValidatorFactory-scoped clock provider.
2020/03/12-02:39 [main] DEBUG org.hibernate.validator.internal.engine.ValidatorFactoryImpl- HV000234: Using org.hibernate.validator.internal.engine.scripting.DefaultScriptEvaluatorFactory as ValidatorFactory-scoped script evaluator factory.
2020/03/12-02:39 [main] INFO  org.springframework.batch.core.launch.support.SimpleJobLauncher- No TaskExecutor has been set, defaulting to synchronous executor.
2020/03/12-02:39 [main] DEBUG org.hibernate.validator.internal.engine.resolver.TraversableResolvers- Cannot find javax.persistence.Persistence on classpath. Assuming non JPA 2 environment. All properties will per default be traversable.
2020/03/12-02:39 [main] DEBUG org.hibernate.validator.internal.xml.ValidationXmlParser- Trying to load META-INF/validation.xml for XML based Validator configuration.
2020/03/12-02:39 [main] DEBUG org.hibernate.validator.internal.xml.ResourceLoaderHelper- Trying to load META-INF/validation.xml via TCCL
2020/03/12-02:39 [main] DEBUG org.hibernate.validator.internal.xml.ResourceLoaderHelper- Trying to load META-INF/validation.xml via Hibernate Validator's class loader
2020/03/12-02:39 [main] DEBUG org.hibernate.validator.internal.xml.ValidationXmlParser- No META-INF/validation.xml found. Using annotation based configuration only.
2020/03/12-02:39 [main] DEBUG org.hibernate.validator.messageinterpolation.ResourceBundleMessageInterpolator- Loaded expression factory via original TCCL
2020/03/12-02:39 [main] DEBUG org.hibernate.validator.internal.engine.ValidatorFactoryImpl- HV000234: Using org.hibernate.validator.messageinterpolation.ResourceBundleMessageInterpolator as ValidatorFactory-scoped message interpolator.
2020/03/12-02:39 [main] DEBUG org.hibernate.validator.internal.engine.ValidatorFactoryImpl- HV000234: Using org.hibernate.validator.internal.engine.resolver.TraverseAllTraversableResolver as ValidatorFactory-scoped traversable resolver.
2020/03/12-02:39 [main] DEBUG org.hibernate.validator.internal.engine.ValidatorFactoryImpl- HV000234: Using org.hibernate.validator.internal.util.ExecutableParameterNameProvider as ValidatorFactory-scoped parameter name provider.
2020/03/12-02:39 [main] DEBUG org.hibernate.validator.internal.engine.ValidatorFactoryImpl- HV000234: Using org.hibernate.validator.internal.engine.DefaultClockProvider as ValidatorFactory-scoped clock provider.
2020/03/12-02:39 [main] DEBUG org.hibernate.validator.internal.engine.ValidatorFactoryImpl- HV000234: Using org.hibernate.validator.internal.engine.scripting.DefaultScriptEvaluatorFactory as ValidatorFactory-scoped script evaluator factory.
2020/03/12-02:39 [main] INFO  com.spider.amazon.config.DruidConfiguration- init Druid Servlet Configuration 
2020/03/12-02:39 [main] INFO  org.springframework.scheduling.concurrent.ThreadPoolTaskScheduler- Initializing ExecutorService 'taskScheduler'
2020/03/12-02:39 [main] INFO  org.springframework.scheduling.concurrent.ThreadPoolTaskExecutor- Initializing ExecutorService
2020/03/12-02:39 [main] INFO  org.springframework.scheduling.concurrent.ThreadPoolTaskExecutor- Initializing ExecutorService 'taskExecutor'
2020/03/12-02:39 [main] DEBUG org.hibernate.validator.internal.engine.resolver.TraversableResolvers- Cannot find javax.persistence.Persistence on classpath. Assuming non JPA 2 environment. All properties will per default be traversable.
2020/03/12-02:39 [main] DEBUG org.hibernate.validator.messageinterpolation.ResourceBundleMessageInterpolator- Loaded expression factory via original TCCL
2020/03/12-02:39 [main] DEBUG org.hibernate.validator.internal.engine.resolver.TraversableResolvers- Cannot find javax.persistence.Persistence on classpath. Assuming non JPA 2 environment. All properties will per default be traversable.
2020/03/12-02:39 [main] DEBUG org.hibernate.validator.internal.engine.ConfigurationImpl- Setting custom MessageInterpolator of type org.springframework.validation.beanvalidation.LocaleContextMessageInterpolator
2020/03/12-02:39 [main] DEBUG org.hibernate.validator.internal.engine.ConfigurationImpl- Setting custom ConstraintValidatorFactory of type org.springframework.validation.beanvalidation.SpringConstraintValidatorFactory
2020/03/12-02:39 [main] DEBUG org.hibernate.validator.internal.engine.ConfigurationImpl- Setting custom ParameterNameProvider of type org.springframework.validation.beanvalidation.LocalValidatorFactoryBean$1
2020/03/12-02:39 [main] DEBUG org.hibernate.validator.internal.xml.ValidationXmlParser- Trying to load META-INF/validation.xml for XML based Validator configuration.
2020/03/12-02:39 [main] DEBUG org.hibernate.validator.internal.xml.ResourceLoaderHelper- Trying to load META-INF/validation.xml via user class loader
2020/03/12-02:39 [main] DEBUG org.hibernate.validator.internal.xml.ResourceLoaderHelper- Trying to load META-INF/validation.xml via TCCL
2020/03/12-02:39 [main] DEBUG org.hibernate.validator.internal.xml.ResourceLoaderHelper- Trying to load META-INF/validation.xml via Hibernate Validator's class loader
2020/03/12-02:39 [main] DEBUG org.hibernate.validator.internal.xml.ValidationXmlParser- No META-INF/validation.xml found. Using annotation based configuration only.
2020/03/12-02:39 [main] DEBUG org.hibernate.validator.internal.engine.ValidatorFactoryImpl- HV000234: Using org.springframework.validation.beanvalidation.LocaleContextMessageInterpolator as ValidatorFactory-scoped message interpolator.
2020/03/12-02:39 [main] DEBUG org.hibernate.validator.internal.engine.ValidatorFactoryImpl- HV000234: Using org.hibernate.validator.internal.engine.resolver.TraverseAllTraversableResolver as ValidatorFactory-scoped traversable resolver.
2020/03/12-02:39 [main] DEBUG org.hibernate.validator.internal.engine.ValidatorFactoryImpl- HV000234: Using org.hibernate.validator.internal.util.ExecutableParameterNameProvider as ValidatorFactory-scoped parameter name provider.
2020/03/12-02:39 [main] DEBUG org.hibernate.validator.internal.engine.ValidatorFactoryImpl- HV000234: Using org.hibernate.validator.internal.engine.DefaultClockProvider as ValidatorFactory-scoped clock provider.
2020/03/12-02:39 [main] DEBUG org.hibernate.validator.internal.engine.ValidatorFactoryImpl- HV000234: Using org.hibernate.validator.internal.engine.scripting.DefaultScriptEvaluatorFactory as ValidatorFactory-scoped script evaluator factory.
2020/03/12-02:39 [main] DEBUG org.springframework.web.reactive.handler.SimpleUrlHandlerMapping- Patterns [/webjars/**, /**] in 'resourceHandlerMapping'
2020/03/12-02:39 [main] DEBUG org.springframework.web.reactive.result.method.annotation.ControllerMethodResolver- ControllerAdvice beans: none
2020/03/12-02:39 [main] DEBUG org.springframework.web.server.adapter.HttpWebHandlerAdapter- enableLoggingRequestDetails='false': form data and headers will be masked to prevent unsafe logging of potentially sensitive data
2020/03/12-02:39 [main] INFO  com.alibaba.druid.pool.DruidDataSource- {dataSource-1} inited
2020/03/12-02:39 [main] INFO  org.springframework.batch.core.repository.support.JobRepositoryFactoryBean- No database type set, using meta data indicating: SQLSERVER
2020/03/12-02:39 [main] INFO  org.springframework.batch.core.launch.support.SimpleJobLauncher- No TaskExecutor has been set, defaulting to synchronous executor.
2020/03/12-02:39 [main] INFO  org.springframework.amqp.rabbit.connection.CachingConnectionFactory- Attempting to connect to: [127.0.0.1:5672]
2020/03/12-02:39 [main] INFO  org.springframework.amqp.rabbit.connection.CachingConnectionFactory- Created new connection: rabbitConnectionFactory#607b2792:0/SimpleConnection@2ecf5915 [delegate=amqp://guest@127.0.0.1:5672/, localPort= 56243]
2020/03/12-02:39 [main] INFO  org.springframework.boot.web.embedded.netty.NettyWebServer- Netty started on port(s): 8082
2020/03/12-02:39 [main] INFO  com.spider.SpiderServiceApplication- Started SpiderServiceApplication in 5.792 seconds (JVM running for 7.746)
2020/03/12-02:40 [spring-task-scheduler-thread-1] INFO  com.spider.amazon.task.ScheduleTask- test task02 run...
2020/03/12-02:40 [spring-task-scheduler-thread-1] INFO  com.spider.amazon.task.ScheduleTask- test task02 run...
2020/03/12-02:41 [spring-task-scheduler-thread-1] INFO  com.spider.amazon.task.ScheduleTask- test task02 run...
2020/03/12-02:41 [spring-task-scheduler-thread-1] INFO  com.spider.amazon.task.ScheduleTask- test task02 run...
2020/03/12-02:42 [spring-task-scheduler-thread-8] INFO  com.spider.amazon.task.ScheduleTask- test task02 run...
2020/03/12-02:42 [spring-task-scheduler-thread-8] INFO  com.spider.amazon.task.ScheduleTask- test task02 run...
2020/03/12-02:43 [spring-task-scheduler-thread-8] INFO  com.spider.amazon.task.ScheduleTask- test task02 run...
2020/03/12-02:43 [spring-task-scheduler-thread-8] INFO  com.spider.amazon.task.ScheduleTask- test task02 run...
2020/03/12-02:44 [spring-task-scheduler-thread-8] INFO  com.spider.amazon.task.ScheduleTask- test task02 run...
2020/03/12-02:44 [spring-task-scheduler-thread-8] INFO  com.spider.amazon.task.ScheduleTask- test task02 run...
2020/03/12-02:45 [spring-task-scheduler-thread-8] INFO  com.spider.amazon.task.ScheduleTask- test task02 run...
2020/03/12-20:04 [main] INFO  com.spider.SpiderServiceApplication- Starting SpiderServiceApplication on VM-BI-Server with PID 5464 (F:\spider\AmazonBiSpider\spider-service\target\classes started by keeley.z in F:\spider\AmazonBiSpider)
2020/03/12-20:04 [main] INFO  com.spider.SpiderServiceApplication- No active profile set, falling back to default profiles: default
2020/03/12-20:04 [background-preinit] DEBUG org.hibernate.validator.internal.engine.resolver.TraversableResolvers- Cannot find javax.persistence.Persistence on classpath. Assuming non JPA 2 environment. All properties will per default be traversable.
2020/03/12-20:04 [background-preinit] DEBUG org.hibernate.validator.internal.xml.ValidationXmlParser- Trying to load META-INF/validation.xml for XML based Validator configuration.
2020/03/12-20:04 [background-preinit] DEBUG org.hibernate.validator.internal.xml.ResourceLoaderHelper- Trying to load META-INF/validation.xml via TCCL
2020/03/12-20:04 [background-preinit] DEBUG org.hibernate.validator.internal.xml.ResourceLoaderHelper- Trying to load META-INF/validation.xml via Hibernate Validator's class loader
2020/03/12-20:04 [background-preinit] DEBUG org.hibernate.validator.internal.xml.ValidationXmlParser- No META-INF/validation.xml found. Using annotation based configuration only.
2020/03/12-20:04 [background-preinit] DEBUG org.hibernate.validator.messageinterpolation.ResourceBundleMessageInterpolator- Loaded expression factory via original TCCL
2020/03/12-20:04 [background-preinit] DEBUG org.hibernate.validator.internal.engine.ValidatorFactoryImpl- HV000234: Using org.hibernate.validator.messageinterpolation.ResourceBundleMessageInterpolator as ValidatorFactory-scoped message interpolator.
2020/03/12-20:04 [background-preinit] DEBUG org.hibernate.validator.internal.engine.ValidatorFactoryImpl- HV000234: Using org.hibernate.validator.internal.engine.resolver.TraverseAllTraversableResolver as ValidatorFactory-scoped traversable resolver.
2020/03/12-20:04 [background-preinit] DEBUG org.hibernate.validator.internal.engine.ValidatorFactoryImpl- HV000234: Using org.hibernate.validator.internal.util.ExecutableParameterNameProvider as ValidatorFactory-scoped parameter name provider.
2020/03/12-20:04 [background-preinit] DEBUG org.hibernate.validator.internal.engine.ValidatorFactoryImpl- HV000234: Using org.hibernate.validator.internal.engine.DefaultClockProvider as ValidatorFactory-scoped clock provider.
2020/03/12-20:04 [background-preinit] DEBUG org.hibernate.validator.internal.engine.ValidatorFactoryImpl- HV000234: Using org.hibernate.validator.internal.engine.scripting.DefaultScriptEvaluatorFactory as ValidatorFactory-scoped script evaluator factory.
2020/03/12-20:04 [main] INFO  org.springframework.batch.core.launch.support.SimpleJobLauncher- No TaskExecutor has been set, defaulting to synchronous executor.
2020/03/12-20:04 [main] INFO  com.spider.amazon.batch.vcdailysales.CsvBatchConfigForAmzDailySales- filePath:C:\Users\keeley.z\Downloads\Sales Diagnostic_Detail View_US.csv
2020/03/12-20:04 [main] INFO  com.spider.amazon.batch.vcdailysales.CsvBatchConfigForAmzDailySales- paramMaps:true
2020/03/12-20:04 [main] DEBUG org.hibernate.validator.internal.engine.resolver.TraversableResolvers- Cannot find javax.persistence.Persistence on classpath. Assuming non JPA 2 environment. All properties will per default be traversable.
2020/03/12-20:04 [main] DEBUG org.hibernate.validator.internal.xml.ValidationXmlParser- Trying to load META-INF/validation.xml for XML based Validator configuration.
2020/03/12-20:04 [main] DEBUG org.hibernate.validator.internal.xml.ResourceLoaderHelper- Trying to load META-INF/validation.xml via TCCL
2020/03/12-20:04 [main] DEBUG org.hibernate.validator.internal.xml.ResourceLoaderHelper- Trying to load META-INF/validation.xml via Hibernate Validator's class loader
2020/03/12-20:04 [main] DEBUG org.hibernate.validator.internal.xml.ValidationXmlParser- No META-INF/validation.xml found. Using annotation based configuration only.
2020/03/12-20:04 [main] DEBUG org.hibernate.validator.messageinterpolation.ResourceBundleMessageInterpolator- Loaded expression factory via original TCCL
2020/03/12-20:04 [main] DEBUG org.hibernate.validator.internal.engine.ValidatorFactoryImpl- HV000234: Using org.hibernate.validator.messageinterpolation.ResourceBundleMessageInterpolator as ValidatorFactory-scoped message interpolator.
2020/03/12-20:04 [main] DEBUG org.hibernate.validator.internal.engine.ValidatorFactoryImpl- HV000234: Using org.hibernate.validator.internal.engine.resolver.TraverseAllTraversableResolver as ValidatorFactory-scoped traversable resolver.
2020/03/12-20:04 [main] DEBUG org.hibernate.validator.internal.engine.ValidatorFactoryImpl- HV000234: Using org.hibernate.validator.internal.util.ExecutableParameterNameProvider as ValidatorFactory-scoped parameter name provider.
2020/03/12-20:04 [main] DEBUG org.hibernate.validator.internal.engine.ValidatorFactoryImpl- HV000234: Using org.hibernate.validator.internal.engine.DefaultClockProvider as ValidatorFactory-scoped clock provider.
2020/03/12-20:04 [main] DEBUG org.hibernate.validator.internal.engine.ValidatorFactoryImpl- HV000234: Using org.hibernate.validator.internal.engine.scripting.DefaultScriptEvaluatorFactory as ValidatorFactory-scoped script evaluator factory.
2020/03/12-20:04 [main] INFO  org.springframework.batch.core.launch.support.SimpleJobLauncher- No TaskExecutor has been set, defaulting to synchronous executor.
2020/03/12-20:04 [main] DEBUG org.hibernate.validator.internal.engine.resolver.TraversableResolvers- Cannot find javax.persistence.Persistence on classpath. Assuming non JPA 2 environment. All properties will per default be traversable.
2020/03/12-20:04 [main] DEBUG org.hibernate.validator.internal.xml.ValidationXmlParser- Trying to load META-INF/validation.xml for XML based Validator configuration.
2020/03/12-20:04 [main] DEBUG org.hibernate.validator.internal.xml.ResourceLoaderHelper- Trying to load META-INF/validation.xml via TCCL
2020/03/12-20:04 [main] DEBUG org.hibernate.validator.internal.xml.ResourceLoaderHelper- Trying to load META-INF/validation.xml via Hibernate Validator's class loader
2020/03/12-20:04 [main] DEBUG org.hibernate.validator.internal.xml.ValidationXmlParser- No META-INF/validation.xml found. Using annotation based configuration only.
2020/03/12-20:04 [main] DEBUG org.hibernate.validator.messageinterpolation.ResourceBundleMessageInterpolator- Loaded expression factory via original TCCL
2020/03/12-20:04 [main] DEBUG org.hibernate.validator.internal.engine.ValidatorFactoryImpl- HV000234: Using org.hibernate.validator.messageinterpolation.ResourceBundleMessageInterpolator as ValidatorFactory-scoped message interpolator.
2020/03/12-20:04 [main] DEBUG org.hibernate.validator.internal.engine.ValidatorFactoryImpl- HV000234: Using org.hibernate.validator.internal.engine.resolver.TraverseAllTraversableResolver as ValidatorFactory-scoped traversable resolver.
2020/03/12-20:04 [main] DEBUG org.hibernate.validator.internal.engine.ValidatorFactoryImpl- HV000234: Using org.hibernate.validator.internal.util.ExecutableParameterNameProvider as ValidatorFactory-scoped parameter name provider.
2020/03/12-20:04 [main] DEBUG org.hibernate.validator.internal.engine.ValidatorFactoryImpl- HV000234: Using org.hibernate.validator.internal.engine.DefaultClockProvider as ValidatorFactory-scoped clock provider.
2020/03/12-20:04 [main] DEBUG org.hibernate.validator.internal.engine.ValidatorFactoryImpl- HV000234: Using org.hibernate.validator.internal.engine.scripting.DefaultScriptEvaluatorFactory as ValidatorFactory-scoped script evaluator factory.
2020/03/12-20:04 [main] INFO  org.springframework.batch.core.launch.support.SimpleJobLauncher- No TaskExecutor has been set, defaulting to synchronous executor.
2020/03/12-20:04 [main] DEBUG org.hibernate.validator.internal.engine.resolver.TraversableResolvers- Cannot find javax.persistence.Persistence on classpath. Assuming non JPA 2 environment. All properties will per default be traversable.
2020/03/12-20:04 [main] DEBUG org.hibernate.validator.internal.xml.ValidationXmlParser- Trying to load META-INF/validation.xml for XML based Validator configuration.
2020/03/12-20:04 [main] DEBUG org.hibernate.validator.internal.xml.ResourceLoaderHelper- Trying to load META-INF/validation.xml via TCCL
2020/03/12-20:04 [main] DEBUG org.hibernate.validator.internal.xml.ResourceLoaderHelper- Trying to load META-INF/validation.xml via Hibernate Validator's class loader
2020/03/12-20:04 [main] DEBUG org.hibernate.validator.internal.xml.ValidationXmlParser- No META-INF/validation.xml found. Using annotation based configuration only.
2020/03/12-20:04 [main] DEBUG org.hibernate.validator.messageinterpolation.ResourceBundleMessageInterpolator- Loaded expression factory via original TCCL
2020/03/12-20:04 [main] DEBUG org.hibernate.validator.internal.engine.ValidatorFactoryImpl- HV000234: Using org.hibernate.validator.messageinterpolation.ResourceBundleMessageInterpolator as ValidatorFactory-scoped message interpolator.
2020/03/12-20:04 [main] DEBUG org.hibernate.validator.internal.engine.ValidatorFactoryImpl- HV000234: Using org.hibernate.validator.internal.engine.resolver.TraverseAllTraversableResolver as ValidatorFactory-scoped traversable resolver.
2020/03/12-20:04 [main] DEBUG org.hibernate.validator.internal.engine.ValidatorFactoryImpl- HV000234: Using org.hibernate.validator.internal.util.ExecutableParameterNameProvider as ValidatorFactory-scoped parameter name provider.
2020/03/12-20:04 [main] DEBUG org.hibernate.validator.internal.engine.ValidatorFactoryImpl- HV000234: Using org.hibernate.validator.internal.engine.DefaultClockProvider as ValidatorFactory-scoped clock provider.
2020/03/12-20:04 [main] DEBUG org.hibernate.validator.internal.engine.ValidatorFactoryImpl- HV000234: Using org.hibernate.validator.internal.engine.scripting.DefaultScriptEvaluatorFactory as ValidatorFactory-scoped script evaluator factory.
2020/03/12-20:04 [main] INFO  com.spider.amazon.config.DruidConfiguration- init Druid Servlet Configuration 
2020/03/12-20:04 [main] INFO  org.springframework.scheduling.concurrent.ThreadPoolTaskScheduler- Initializing ExecutorService 'taskScheduler'
2020/03/12-20:04 [main] INFO  org.springframework.scheduling.concurrent.ThreadPoolTaskExecutor- Initializing ExecutorService
2020/03/12-20:04 [main] INFO  org.springframework.scheduling.concurrent.ThreadPoolTaskExecutor- Initializing ExecutorService 'taskExecutor'
2020/03/12-20:04 [main] DEBUG org.hibernate.validator.internal.engine.resolver.TraversableResolvers- Cannot find javax.persistence.Persistence on classpath. Assuming non JPA 2 environment. All properties will per default be traversable.
2020/03/12-20:04 [main] DEBUG org.hibernate.validator.messageinterpolation.ResourceBundleMessageInterpolator- Loaded expression factory via original TCCL
2020/03/12-20:04 [main] DEBUG org.hibernate.validator.internal.engine.resolver.TraversableResolvers- Cannot find javax.persistence.Persistence on classpath. Assuming non JPA 2 environment. All properties will per default be traversable.
2020/03/12-20:04 [main] DEBUG org.hibernate.validator.internal.engine.ConfigurationImpl- Setting custom MessageInterpolator of type org.springframework.validation.beanvalidation.LocaleContextMessageInterpolator
2020/03/12-20:04 [main] DEBUG org.hibernate.validator.internal.engine.ConfigurationImpl- Setting custom ConstraintValidatorFactory of type org.springframework.validation.beanvalidation.SpringConstraintValidatorFactory
2020/03/12-20:04 [main] DEBUG org.hibernate.validator.internal.engine.ConfigurationImpl- Setting custom ParameterNameProvider of type org.springframework.validation.beanvalidation.LocalValidatorFactoryBean$1
2020/03/12-20:04 [main] DEBUG org.hibernate.validator.internal.xml.ValidationXmlParser- Trying to load META-INF/validation.xml for XML based Validator configuration.
2020/03/12-20:04 [main] DEBUG org.hibernate.validator.internal.xml.ResourceLoaderHelper- Trying to load META-INF/validation.xml via user class loader
2020/03/12-20:04 [main] DEBUG org.hibernate.validator.internal.xml.ResourceLoaderHelper- Trying to load META-INF/validation.xml via TCCL
2020/03/12-20:04 [main] DEBUG org.hibernate.validator.internal.xml.ResourceLoaderHelper- Trying to load META-INF/validation.xml via Hibernate Validator's class loader
2020/03/12-20:04 [main] DEBUG org.hibernate.validator.internal.xml.ValidationXmlParser- No META-INF/validation.xml found. Using annotation based configuration only.
2020/03/12-20:04 [main] DEBUG org.hibernate.validator.internal.engine.ValidatorFactoryImpl- HV000234: Using org.springframework.validation.beanvalidation.LocaleContextMessageInterpolator as ValidatorFactory-scoped message interpolator.
2020/03/12-20:04 [main] DEBUG org.hibernate.validator.internal.engine.ValidatorFactoryImpl- HV000234: Using org.hibernate.validator.internal.engine.resolver.TraverseAllTraversableResolver as ValidatorFactory-scoped traversable resolver.
2020/03/12-20:04 [main] DEBUG org.hibernate.validator.internal.engine.ValidatorFactoryImpl- HV000234: Using org.hibernate.validator.internal.util.ExecutableParameterNameProvider as ValidatorFactory-scoped parameter name provider.
2020/03/12-20:04 [main] DEBUG org.hibernate.validator.internal.engine.ValidatorFactoryImpl- HV000234: Using org.hibernate.validator.internal.engine.DefaultClockProvider as ValidatorFactory-scoped clock provider.
2020/03/12-20:04 [main] DEBUG org.hibernate.validator.internal.engine.ValidatorFactoryImpl- HV000234: Using org.hibernate.validator.internal.engine.scripting.DefaultScriptEvaluatorFactory as ValidatorFactory-scoped script evaluator factory.
2020/03/12-20:04 [main] DEBUG org.springframework.web.reactive.handler.SimpleUrlHandlerMapping- Patterns [/webjars/**, /**] in 'resourceHandlerMapping'
2020/03/12-20:04 [main] DEBUG org.springframework.web.reactive.result.method.annotation.ControllerMethodResolver- ControllerAdvice beans: none
2020/03/12-20:04 [main] DEBUG org.springframework.web.server.adapter.HttpWebHandlerAdapter- enableLoggingRequestDetails='false': form data and headers will be masked to prevent unsafe logging of potentially sensitive data
2020/03/12-20:04 [main] INFO  com.alibaba.druid.pool.DruidDataSource- {dataSource-1} inited
2020/03/12-20:04 [main] INFO  org.springframework.batch.core.repository.support.JobRepositoryFactoryBean- No database type set, using meta data indicating: SQLSERVER
2020/03/12-20:04 [main] INFO  org.springframework.batch.core.launch.support.SimpleJobLauncher- No TaskExecutor has been set, defaulting to synchronous executor.
2020/03/12-20:04 [main] INFO  org.springframework.amqp.rabbit.connection.CachingConnectionFactory- Attempting to connect to: [127.0.0.1:5672]
2020/03/12-20:04 [main] INFO  org.springframework.amqp.rabbit.connection.CachingConnectionFactory- Created new connection: rabbitConnectionFactory#13d186db:0/SimpleConnection@39ee94de [delegate=amqp://guest@127.0.0.1:5672/, localPort= 53777]
2020/03/12-20:04 [main] INFO  org.springframework.boot.web.embedded.netty.NettyWebServer- Netty started on port(s): 8082
2020/03/12-20:04 [main] INFO  com.spider.SpiderServiceApplication- Started SpiderServiceApplication in 4.546 seconds (JVM running for 5.826)
2020/03/12-20:05 [spring-task-scheduler-thread-2] INFO  com.spider.amazon.task.ScheduleTask- test task02 run...
2020/03/12-20:05 [spring-task-scheduler-thread-1] INFO  com.spider.amazon.task.HawProductScrapyTask- [执行Haw数据处理任务]=>[scheduleHawDataDeal]
2020/03/12-20:05 [spring-task-scheduler-thread-1] DEBUG com.spider.amazon.mapper.SkuScrapyTaskDOMapper.selectTaskListByTaskSts- ==>  Preparing: select * from SkuScrapyTask with(nolock) where task_sts = ? 
2020/03/12-20:05 [spring-task-scheduler-thread-1] DEBUG com.spider.amazon.mapper.SkuScrapyTaskDOMapper.selectTaskListByTaskSts- ==> Parameters: SS(String)
2020/03/12-20:05 [spring-task-scheduler-thread-1] DEBUG com.spider.amazon.mapper.SkuScrapyTaskDOMapper.selectTaskListByTaskSts- <==      Total: 0
2020/03/12-20:05 [spring-task-scheduler-thread-2] INFO  com.spider.amazon.task.ScheduleTask- test task02 run...
2020/03/12-20:06 [spring-task-scheduler-thread-2] INFO  com.spider.amazon.task.ScheduleTask- test task02 run...
2020/03/12-20:06 [spring-task-scheduler-thread-2] INFO  com.spider.amazon.task.ScheduleTask- test task02 run...
2020/03/12-20:07 [spring-task-scheduler-thread-2] INFO  com.spider.amazon.task.ScheduleTask- test task02 run...
2020/03/12-20:07 [spring-task-scheduler-thread-2] INFO  com.spider.amazon.task.ScheduleTask- test task02 run...
2020/03/12-20:08 [spring-task-scheduler-thread-2] INFO  com.spider.amazon.task.ScheduleTask- test task02 run...
2020/03/12-20:08 [spring-task-scheduler-thread-2] INFO  com.spider.amazon.task.ScheduleTask- test task02 run...
2020/03/12-20:09 [spring-task-scheduler-thread-2] INFO  com.spider.amazon.task.ScheduleTask- test task02 run...
2020/03/12-20:09 [spring-task-scheduler-thread-2] INFO  com.spider.amazon.task.ScheduleTask- test task02 run...
2020/03/12-20:10 [spring-task-scheduler-thread-2] INFO  com.spider.amazon.task.ScheduleTask- test task02 run...
2020/03/12-20:10 [spring-task-scheduler-thread-2] INFO  com.spider.amazon.task.ScheduleTask- test task02 run...
2020/03/12-20:11 [spring-task-scheduler-thread-8] INFO  com.spider.amazon.task.ScheduleTask- test task02 run...
2020/03/12-20:11 [spring-task-scheduler-thread-8] INFO  com.spider.amazon.task.ScheduleTask- test task02 run...
2020/03/12-20:12 [spring-task-scheduler-thread-4] INFO  com.spider.amazon.task.ScheduleTask- test task02 run...
2020/03/12-20:12 [spring-task-scheduler-thread-5] INFO  com.spider.amazon.task.ScheduleTask- test task02 run...
2020/03/12-20:13 [spring-task-scheduler-thread-5] INFO  com.spider.amazon.task.ScheduleTask- test task02 run...
2020/03/12-20:13 [spring-task-scheduler-thread-5] INFO  com.spider.amazon.task.ScheduleTask- test task02 run...
2020/03/12-20:14 [spring-task-scheduler-thread-3] INFO  com.spider.amazon.task.ScheduleTask- test task02 run...
2020/03/12-20:14 [spring-task-scheduler-thread-1] INFO  com.spider.amazon.task.ScheduleTask- test task02 run...
2020/03/12-20:14 [spring-task-scheduler-thread-2] INFO  com.spider.amazon.task.ScheduleTask- 0.step112=>开始执行［schedulerIntoSkuCommomInfoByCopy］
2020/03/12-20:15 [spring-task-scheduler-thread-4] INFO  com.spider.amazon.task.ScheduleTask- test task02 run...
2020/03/12-20:15 [spring-task-scheduler-thread-2] DEBUG com.spider.amazon.mapper.SkuCommonInfoCopy1DOMapper.updateIntoFlg- ==>  Preparing: update skuCommonInfo_copy1 set intoFlg=? where intoFlg=? 
2020/03/12-20:15 [spring-task-scheduler-thread-2] DEBUG com.spider.amazon.mapper.SkuCommonInfoCopy1DOMapper.updateIntoFlg- ==> Parameters: W(String), N(String)
2020/03/12-20:15 [spring-task-scheduler-thread-2] DEBUG com.spider.amazon.mapper.SkuCommonInfoCopy1DOMapper.updateIntoFlg- <==    Updates: 1482
2020/03/12-20:15 [spring-task-scheduler-thread-2] DEBUG com.spider.amazon.mapper.SkuCommonInfoDOMapper.insertByCopyTableIntoFlg- ==>  Preparing: insert into skuCommonInfo (asin, sku_productTitle, sku_property, main_avaStar, main_oneStarNum, main_twoStarNum, main_threeStarNum, main_fourStarNum, main_fiveStarNum, sku_price, reviewUrl, sku_imageUrl, main_rwNum, main_awNum, sku_increasedRwNum, sku_availability, sku_oneStarNum, sku_twoStarNum, sku_threeStarNum, sku_fourStarNum, sku_fiveStarNum, sku_rwNum, insertTime, sku_soldBy, sku_shipsFrom, sku_isPrime, sku_offersNum, cityCode, cityName, brand ) select asin, sku_productTitle, sku_property, main_avaStar, main_oneStarNum, main_twoStarNum, main_threeStarNum, main_fourStarNum, main_fiveStarNum, replace(sku_price,'$',''), reviewUrl, sku_imageUrl, main_rwNum, main_awNum, sku_increasedRwNum, sku_availability, sku_oneStarNum, sku_twoStarNum, sku_threeStarNum, sku_fourStarNum, sku_fiveStarNum, sku_rwNum, insertTime, sku_soldBy, sku_shipsFrom, sku_isPrime, sku_offersNum, cityCode, cityName, brand from skuCommonInfo_copy1 where intoFlg=? 
2020/03/12-20:15 [spring-task-scheduler-thread-2] DEBUG com.spider.amazon.mapper.SkuCommonInfoDOMapper.insertByCopyTableIntoFlg- ==> Parameters: W(String)
2020/03/12-20:15 [spring-task-scheduler-thread-2] DEBUG com.spider.amazon.mapper.SkuCommonInfoDOMapper.insertByCopyTableIntoFlg- <==    Updates: 1482
2020/03/12-20:15 [spring-task-scheduler-thread-2] DEBUG com.spider.amazon.mapper.SkuCommonInfoCopy1DOMapper.updateIntoFlg- ==>  Preparing: update skuCommonInfo_copy1 set intoFlg=? where intoFlg=? 
2020/03/12-20:15 [spring-task-scheduler-thread-2] DEBUG com.spider.amazon.mapper.SkuCommonInfoCopy1DOMapper.updateIntoFlg- ==> Parameters: Y(String), W(String)
2020/03/12-20:15 [spring-task-scheduler-thread-2] DEBUG com.spider.amazon.mapper.SkuCommonInfoCopy1DOMapper.updateIntoFlg- <==    Updates: 1482
2020/03/12-20:15 [spring-task-scheduler-thread-4] INFO  com.spider.amazon.task.ScheduleTask- test task02 run...
2020/03/12-20:16 [spring-task-scheduler-thread-4] INFO  com.spider.amazon.task.ScheduleTask- test task02 run...
2020/03/12-20:16 [spring-task-scheduler-thread-4] INFO  com.spider.amazon.task.ScheduleTask- test task02 run...
